#
# A fatal error has been detected by the Java Runtime Environment:
#
#  EXCEPTION_ACCESS_VIOLATION (0xc0000005) at pc=0x00000000770f8724, pid=1360, tid=4260
#
# JRE version: Java(TM) SE Runtime Environment (8.0_05-b13) (build 1.8.0_05-b13)
# Java VM: Java HotSpot(TM) 64-Bit Server VM (25.5-b02 mixed mode windows-amd64 compressed oops)
# Problematic frame:
# C  [ntdll.dll+0x18724]
#
# Failed to write core dump. Minidumps are not enabled by default on client versions of Windows
#
# If you would like to submit a bug report, please visit:
#   http://bugreport.sun.com/bugreport/crash.jsp
# The crash happened outside the Java Virtual Machine in native code.
# See problematic frame for where to report the bug.
#

---------------  T H R E A D  ---------------

Current thread (0x000000000224f000):  JavaThread "main" [_thread_in_native, id=4260, stack(0x0000000002660000,0x0000000002760000)]

siginfo: ExceptionCode=0xc0000005, reading address 0x0000000002e204ed

Registers:
RAX=0x000000000274e8c0, RBX=0x0000000002760000, RCX=0x000000000274e960, RDX=0x0000000000000580
RSP=0x000000000274e640, RBP=0x000000000274e7c0, RSI=0x000000000274ed40, RDI=0x0000000002a3017c
R8 =0x0000000000000000, R9 =0x0000000002a30000, R10=0x0000000000000000, R11=0x000000000274e8c0
R12=0x00000000027646a0, R13=0x00000000582ddce0, R14=0x0000000002e204ed, R15=0x0000000002a30170
RIP=0x00000000770f8724, EFLAGS=0x0000000000010246

Top of Stack: (sp=0x000000000274e640)
0x000000000274e640:   0000000002760000 000000000274ed40
0x000000000274e650:   0000000000012f00 000000006c821ea9
0x000000000274e660:   0000000059c9edd0 0000000000180788
0x000000000274e670:   00000000021f52c0 000000006c810fb3
0x000000000274e680:   0000000000000002 0000000000000000
0x000000000274e690:   000000000274ed40 0000000002a30000
0x000000000274e6a0:   000000000275fc60 0000000059c9fba8
0x000000000274e6b0:   0000000002a30170 0000000002760000
0x000000000274e6c0:   0000000071b87e64 000000000272a000
0x000000000274e6d0:   00000000715c5311 0000000071490000
0x000000000274e6e0:   0000000071c56820 000000000275f8f0
0x000000000274e6f0:   000000006c751b64 000000000274e7c0
0x000000000274e700:   0000000071a25c44 0000000071b87e64
0x000000000274e710:   0000000000000000 0000000000000000
0x000000000274e720:   41dfffffffc00000 0000000000000000
0x000000000274e730:   0000000000000000 0000000000000000 

Instructions: (pc=0x00000000770f8724)
0x00000000770f8704:   41 8b 7f 08 45 33 d2 49 03 f9 4c 89 54 24 48 f6
0x00000000770f8714:   47 03 0f 0f 85 3d 0c 00 00 4c 8b a5 98 00 00 00
0x00000000770f8724:   41 0f b6 0e 4c 89 64 24 60 49 8b d6 80 f9 48 0f
0x00000000770f8734:   84 e0 03 00 00 0f b6 c1 24 fe 3c 48 0f 84 a7 15 


Register to memory mapping:

RAX=0x000000000274e8c0 is pointing into the stack for thread: 0x000000000224f000
RBX=0x0000000002760000 is pointing into the stack for thread: 0x000000000224f000
RCX=0x000000000274e960 is pointing into the stack for thread: 0x000000000224f000
RDX=0x0000000000000580 is an unknown value
RSP=0x000000000274e640 is pointing into the stack for thread: 0x000000000224f000
RBP=0x000000000274e7c0 is pointing into the stack for thread: 0x000000000224f000
RSI=0x000000000274ed40 is pointing into the stack for thread: 0x000000000224f000
RDI=0x0000000002a3017c is at code_begin+28 in 
[CodeBlob (0x0000000002a30110)]
Framesize: 0
BufferBlob (0x0000000002a30110) used for CodeCache Exception Handler
R8 =0x0000000000000000 is an unknown value
R9 =0x0000000002a30000 is an unknown value
R10=0x0000000000000000 is an unknown value
R11=0x000000000274e8c0 is pointing into the stack for thread: 0x000000000224f000
R12=0x00000000027646a0 is an unknown value
R13=0x00000000582ddce0 is pointing into the stack for thread: 0x000000005735e800
R14=0x0000000002e204ed is an unknown value
R15=0x0000000002a30170 is at code_begin+16 in 
[CodeBlob (0x0000000002a30110)]
Framesize: 0
BufferBlob (0x0000000002a30110) used for CodeCache Exception Handler


Stack: [0x0000000002660000,0x0000000002760000],  sp=0x000000000274e640,  free space=953k
Native frames: (J=compiled Java code, j=interpreted, Vv=VM code, C=native code)
C  [ntdll.dll+0x18724]
C  [msvcrt.dll+0xe5a3]
C  [R.dll+0x6575e]
C  [R.dll+0x64499]
C  [R.dll+0x6508c]
C  [R.dll+0xb27df]
C  [R.dll+0xb339e]
C  [R.dll+0xb466b]
C  [R.dll+0xb6f63]
C  [R.dll+0xb799c]
C  [jri.dll+0x1695]
C  0x0000000002a439ad

Java frames: (J=compiled Java code, j=interpreted, Vv=VM code)
j  org.rosuda.JRI.Rengine.rniParse(Ljava/lang/String;I)J+0
j  org.rosuda.JRI.Rengine.eval(Ljava/lang/String;Z)Lorg/rosuda/JRI/REXP;+53
j  org.rosuda.JRI.Rengine.eval(Ljava/lang/String;)Lorg/rosuda/JRI/REXP;+3
j  CGuideOwl.GerarBN(Ljava/lang/String;Ljava/util/ArrayList;)Ljava/lang/String;+117
j  CGuideOwl.main([Ljava/lang/String;)V+215
v  ~StubRoutines::call_stub

---------------  P R O C E S S  ---------------

Java Threads: ( => current thread )
  0x000000005735e800 JavaThread "Thread-1" [_thread_blocked, id=840, stack(0x00000000581e0000,0x00000000582e0000)]
  0x0000000056231800 JavaThread "Service Thread" daemon [_thread_blocked, id=3240, stack(0x0000000056730000,0x0000000056830000)]
  0x0000000054e62800 JavaThread "C1 CompilerThread1" daemon [_thread_blocked, id=896, stack(0x0000000056110000,0x0000000056210000)]
  0x0000000054e4a000 JavaThread "C2 CompilerThread0" daemon [_thread_blocked, id=956, stack(0x0000000055e80000,0x0000000055f80000)]
  0x0000000054e46800 JavaThread "Attach Listener" daemon [_thread_blocked, id=4316, stack(0x0000000055d20000,0x0000000055e20000)]
  0x0000000054e45000 JavaThread "Signal Dispatcher" daemon [_thread_blocked, id=900, stack(0x0000000055a70000,0x0000000055b70000)]
  0x0000000054de1800 JavaThread "Finalizer" daemon [_thread_blocked, id=1308, stack(0x0000000055b80000,0x0000000055c80000)]
  0x0000000054dd8800 JavaThread "Reference Handler" daemon [_thread_blocked, id=2012, stack(0x00000000558a0000,0x00000000559a0000)]
=>0x000000000224f000 JavaThread "main" [_thread_in_native, id=4260, stack(0x0000000002660000,0x0000000002760000)]

Other Threads:
  0x0000000054dd2800 VMThread [stack: 0x0000000055760000,0x0000000055860000] [id=3576]
  0x000000005623b800 WatcherThread [stack: 0x00000000568b0000,0x00000000569b0000] [id=4152]

VM state:not at safepoint (normal execution)

VM Mutex/Monitor currently owned by a thread: None

Heap:
 PSYoungGen      total 14848K, used 7461K [0x00000000eab00000, 0x00000000ec400000, 0x0000000100000000)
  eden space 13312K, 44% used [0x00000000eab00000,0x00000000eb0c95e8,0x00000000eb800000)
  from space 1536K, 100% used [0x00000000eb800000,0x00000000eb980000,0x00000000eb980000)
  to   space 2048K, 0% used [0x00000000ec200000,0x00000000ec200000,0x00000000ec400000)
 ParOldGen       total 64000K, used 2690K [0x00000000c0000000, 0x00000000c3e80000, 0x00000000eab00000)
  object space 64000K, 4% used [0x00000000c0000000,0x00000000c02a0b90,0x00000000c3e80000)
 Metaspace       used 8192K, capacity 8404K, committed 8704K, reserved 1056768K
  class space    used 1149K, capacity 1168K, committed 1280K, reserved 1048576K

Card table byte_map: [0x0000000011df0000,0x0000000012000000] byte_map_base: 0x00000000117f0000

Marking Bits: (ParMarkBitMap*) 0x0000000071c413b0
 Begin Bits: [0x00000000122a0000, 0x00000000132a0000)
 End Bits:   [0x00000000132a0000, 0x00000000142a0000)

Polling page: 0x0000000000120000

CodeCache: size=245760Kb used=3988Kb max_used=4017Kb free=241771Kb
 bounds [0x0000000002a30000, 0x0000000002e20000, 0x0000000011a30000]
 total_blobs=1339 nmethods=1060 adapters=193
 compilation: enabled

Compilation events (10 events):
Event: 3.711 Thread 0x0000000054e62800 nmethod 1064 0x0000000002dfd7d0 code [0x0000000002dfd980, 0x0000000002dfde28]
Event: 4.179 Thread 0x0000000054e4a000 nmethod 921 0x0000000002e09510 code [0x0000000002e09e60, 0x0000000002e122f0]
Event: 4.180 Thread 0x0000000054e4a000  954 %     4       sun.nio.cs.UTF_8$Decoder::decode @ 20 (759 bytes)
Event: 4.232 Thread 0x0000000054e4a000 nmethod 954% 0x0000000002e01cd0 code [0x0000000002e02000, 0x0000000002e03600]
Event: 4.232 Thread 0x0000000054e4a000 1065 %     4       org.rosuda.JRI.Rengine::<init> @ 74 (95 bytes)
Event: 4.234 Thread 0x0000000054e4a000 nmethod 1065% 0x0000000002dfed10 code [0x0000000002dfee60, 0x0000000002dfef28]
Event: 4.234 Thread 0x0000000054e4a000  944       4       java.lang.AbstractStringBuilder::ensureCapacityInternal (16 bytes)
Event: 4.238 Thread 0x0000000054e4a000 nmethod 944 0x0000000002dfe7d0 code [0x0000000002dfe920, 0x0000000002dfeb98]
Event: 4.238 Thread 0x0000000054e4a000  916       4       java.nio.charset.CharsetEncoder::maxBytesPerChar (5 bytes)
Event: 4.238 Thread 0x0000000054e4a000 nmethod 916 0x0000000002dfe5d0 code [0x0000000002dfe700, 0x0000000002dfe758]

GC Heap History (10 events):
Event: 1.306 GC heap before
{Heap before GC invocations=7 (full 0):
 PSYoungGen      total 5120K, used 4878K [0x00000000eab00000, 0x00000000eb100000, 0x0000000100000000)
  eden space 4096K, 99% used [0x00000000eab00000,0x00000000eaeff648,0x00000000eaf00000)
  from space 1024K, 76% used [0x00000000eb000000,0x00000000eb0c4470,0x00000000eb100000)
  to   space 1024K, 0% used [0x00000000eaf00000,0x00000000eaf00000,0x00000000eb000000)
 ParOldGen       total 64000K, used 704K [0x00000000c0000000, 0x00000000c3e80000, 0x00000000eab00000)
  object space 64000K, 1% used [0x00000000c0000000,0x00000000c00b0250,0x00000000c3e80000)
 Metaspace       used 4788K, capacity 5804K, committed 6016K, reserved 1056768K
  class space    used 588K, capacity 616K, committed 640K, reserved 1048576K
Event: 1.321 GC heap after
Heap after GC invocations=7 (full 0):
 PSYoungGen      total 5120K, used 1021K [0x00000000eab00000, 0x00000000eb600000, 0x0000000100000000)
  eden space 4096K, 0% used [0x00000000eab00000,0x00000000eab00000,0x00000000eaf00000)
  from space 1024K, 99% used [0x00000000eaf00000,0x00000000eafff498,0x00000000eb000000)
  to   space 1536K, 0% used [0x00000000eb480000,0x00000000eb480000,0x00000000eb600000)
 ParOldGen       total 64000K, used 1061K [0x00000000c0000000, 0x00000000c3e80000, 0x00000000eab00000)
  object space 64000K, 1% used [0x00000000c0000000,0x00000000c0109710,0x00000000c3e80000)
 Metaspace       used 4788K, capacity 5804K, committed 6016K, reserved 1056768K
  class space    used 588K, capacity 616K, committed 640K, reserved 1048576K
}
Event: 1.619 GC heap before
{Heap before GC invocations=8 (full 0):
 PSYoungGen      total 5120K, used 5117K [0x00000000eab00000, 0x00000000eb600000, 0x0000000100000000)
  eden space 4096K, 100% used [0x00000000eab00000,0x00000000eaf00000,0x00000000eaf00000)
  from space 1024K, 99% used [0x00000000eaf00000,0x00000000eafff498,0x00000000eb000000)
  to   space 1536K, 0% used [0x00000000eb480000,0x00000000eb480000,0x00000000eb600000)
 ParOldGen       total 64000K, used 1061K [0x00000000c0000000, 0x00000000c3e80000, 0x00000000eab00000)
  object space 64000K, 1% used [0x00000000c0000000,0x00000000c0109710,0x00000000c3e80000)
 Metaspace       used 5244K, capacity 6132K, committed 6400K, reserved 1056768K
  class space    used 669K, capacity 688K, committed 768K, reserved 1048576K
Event: 1.623 GC heap after
Heap after GC invocations=8 (full 0):
 PSYoungGen      total 9728K, used 1074K [0x00000000eab00000, 0x00000000eb600000, 0x0000000100000000)
  eden space 8192K, 0% used [0x00000000eab00000,0x00000000eab00000,0x00000000eb300000)
  from space 1536K, 69% used [0x00000000eb480000,0x00000000eb58cb50,0x00000000eb600000)
  to   space 1536K, 0% used [0x00000000eb300000,0x00000000eb300000,0x00000000eb480000)
 ParOldGen       total 64000K, used 1149K [0x00000000c0000000, 0x00000000c3e80000, 0x00000000eab00000)
  object space 64000K, 1% used [0x00000000c0000000,0x00000000c011f710,0x00000000c3e80000)
 Metaspace       used 5244K, capacity 6132K, committed 6400K, reserved 1056768K
  class space    used 669K, capacity 688K, committed 768K, reserved 1048576K
}
Event: 2.002 GC heap before
{Heap before GC invocations=9 (full 0):
 PSYoungGen      total 9728K, used 9266K [0x00000000eab00000, 0x00000000eb600000, 0x0000000100000000)
  eden space 8192K, 100% used [0x00000000eab00000,0x00000000eb300000,0x00000000eb300000)
  from space 1536K, 69% used [0x00000000eb480000,0x00000000eb58cb50,0x00000000eb600000)
  to   space 1536K, 0% used [0x00000000eb300000,0x00000000eb300000,0x00000000eb480000)
 ParOldGen       total 64000K, used 1149K [0x00000000c0000000, 0x00000000c3e80000, 0x00000000eab00000)
  object space 64000K, 1% used [0x00000000c0000000,0x00000000c011f710,0x00000000c3e80000)
 Metaspace       used 6436K, capacity 6772K, committed 7040K, reserved 1056768K
  class space    used 855K, capacity 880K, committed 896K, reserved 1048576K
Event: 2.028 GC heap after
Heap after GC invocations=9 (full 0):
 PSYoungGen      total 9728K, used 1461K [0x00000000eab00000, 0x00000000ebc00000, 0x0000000100000000)
  eden space 8192K, 0% used [0x00000000eab00000,0x00000000eab00000,0x00000000eb300000)
  from space 1536K, 95% used [0x00000000eb300000,0x00000000eb46d538,0x00000000eb480000)
  to   space 2048K, 0% used [0x00000000eba00000,0x00000000eba00000,0x00000000ebc00000)
 ParOldGen       total 64000K, used 1285K [0x00000000c0000000, 0x00000000c3e80000, 0x00000000eab00000)
  object space 64000K, 2% used [0x00000000c0000000,0x00000000c0141710,0x00000000c3e80000)
 Metaspace       used 6436K, capacity 6772K, committed 7040K, reserved 1056768K
  class space    used 855K, capacity 880K, committed 896K, reserved 1048576K
}
Event: 2.324 GC heap before
{Heap before GC invocations=10 (full 0):
 PSYoungGen      total 9728K, used 9653K [0x00000000eab00000, 0x00000000ebc00000, 0x0000000100000000)
  eden space 8192K, 100% used [0x00000000eab00000,0x00000000eb300000,0x00000000eb300000)
  from space 1536K, 95% used [0x00000000eb300000,0x00000000eb46d538,0x00000000eb480000)
  to   space 2048K, 0% used [0x00000000eba00000,0x00000000eba00000,0x00000000ebc00000)
 ParOldGen       total 64000K, used 1285K [0x00000000c0000000, 0x00000000c3e80000, 0x00000000eab00000)
  object space 64000K, 2% used [0x00000000c0000000,0x00000000c0141710,0x00000000c3e80000)
 Metaspace       used 6963K, capacity 7284K, committed 7424K, reserved 1056768K
  class space    used 932K, capacity 944K, committed 1024K, reserved 1048576K
Event: 2.329 GC heap after
Heap after GC invocations=10 (full 0):
 PSYoungGen      total 14336K, used 885K [0x00000000eab00000, 0x00000000ebb00000, 0x0000000100000000)
  eden space 13312K, 0% used [0x00000000eab00000,0x00000000eab00000,0x00000000eb800000)
  from space 1024K, 86% used [0x00000000eba00000,0x00000000ebadd510,0x00000000ebb00000)
  to   space 1536K, 0% used [0x00000000eb800000,0x00000000eb800000,0x00000000eb980000)
 ParOldGen       total 64000K, used 1765K [0x00000000c0000000, 0x00000000c3e80000, 0x00000000eab00000)
  object space 64000K, 2% used [0x00000000c0000000,0x00000000c01b9720,0x00000000c3e80000)
 Metaspace       used 6963K, capacity 7284K, committed 7424K, reserved 1056768K
  class space    used 932K, capacity 944K, committed 1024K, reserved 1048576K
}
Event: 3.415 GC heap before
{Heap before GC invocations=11 (full 0):
 PSYoungGen      total 14336K, used 14197K [0x00000000eab00000, 0x00000000ebb00000, 0x0000000100000000)
  eden space 13312K, 100% used [0x00000000eab00000,0x00000000eb800000,0x00000000eb800000)
  from space 1024K, 86% used [0x00000000eba00000,0x00000000ebadd510,0x00000000ebb00000)
  to   space 1536K, 0% used [0x00000000eb800000,0x00000000eb800000,0x00000000eb980000)
 ParOldGen       total 64000K, used 1765K [0x00000000c0000000, 0x00000000c3e80000, 0x00000000eab00000)
  object space 64000K, 2% used [0x00000000c0000000,0x00000000c01b9720,0x00000000c3e80000)
 Metaspace       used 7893K, capacity 8180K, committed 8320K, reserved 1056768K
  class space    used 1100K, capacity 1136K, committed 1152K, reserved 1048576K
Event: 3.491 GC heap after
Heap after GC invocations=11 (full 0):
 PSYoungGen      total 14848K, used 1536K [0x00000000eab00000, 0x00000000ec400000, 0x0000000100000000)
  eden space 13312K, 0% used [0x00000000eab00000,0x00000000eab00000,0x00000000eb800000)
  from space 1536K, 100% used [0x00000000eb800000,0x00000000eb980000,0x00000000eb980000)
  to   space 2048K, 0% used [0x00000000ec200000,0x00000000ec200000,0x00000000ec400000)
 ParOldGen       total 64000K, used 2690K [0x00000000c0000000, 0x00000000c3e80000, 0x00000000eab00000)
  object space 64000K, 4% used [0x00000000c0000000,0x00000000c02a0b90,0x00000000c3e80000)
 Metaspace       used 7893K, capacity 8180K, committed 8320K, reserved 1056768K
  class space    used 1100K, capacity 1136K, committed 1152K, reserved 1048576K
}

Deoptimization events (8 events):
Event: 1.811 Thread 0x000000000224f000 Uncommon trap: reason=unreached action=reinterpret pc=0x0000000002c92b0c method=java.lang.AbstractStringBuilder.append(Ljava/lang/String;)Ljava/lang/AbstractStringBuilder; @ 1
Event: 1.811 Thread 0x000000000224f000 Uncommon trap: reason=unreached action=reinterpret pc=0x0000000002c28cb8 method=java.lang.AbstractStringBuilder.append(Ljava/lang/String;)Ljava/lang/AbstractStringBuilder; @ 1
Event: 2.889 Thread 0x000000000224f000 Uncommon trap: reason=bimorphic action=maybe_recompile pc=0x0000000002d79214 method=org.coode.owlapi.owlxmlparser.OWLXMLParserHandler.characters([CII)V @ 29
Event: 2.907 Thread 0x000000000224f000 Uncommon trap: reason=bimorphic action=maybe_recompile pc=0x0000000002d79214 method=org.coode.owlapi.owlxmlparser.OWLXMLParserHandler.characters([CII)V @ 29
Event: 2.919 Thread 0x000000000224f000 Uncommon trap: reason=bimorphic action=maybe_recompile pc=0x0000000002d79214 method=org.coode.owlapi.owlxmlparser.OWLXMLParserHandler.characters([CII)V @ 29
Event: 2.919 Thread 0x000000000224f000 Uncommon trap: reason=bimorphic action=maybe_recompile pc=0x0000000002d79214 method=org.coode.owlapi.owlxmlparser.OWLXMLParserHandler.characters([CII)V @ 29
Event: 3.492 Thread 0x000000000224f000 Uncommon trap: reason=unreached action=reinterpret pc=0x0000000002d10d8c method=java.lang.ref.ReferenceQueue.poll()Ljava/lang/ref/Reference; @ 4
Event: 3.620 Thread 0x000000000224f000 Uncommon trap: reason=unreached action=reinterpret pc=0x0000000002db3614 method=org.apache.xerces.util.XMLAttributesImpl.getPrefix(I)Ljava/lang/String; @ 28

Internal exceptions (10 events):
Event: 3.619 Thread 0x000000000224f000 Exception <a 'java/security/PrivilegedActionException'> (0x00000000eaf92438) thrown at [D:\re\workspace\8-2-build-windows-amd64-cygwin\jdk8u5\2488\hotspot\src\share\vm\prims\jvm.cpp, line 1248]
Event: 3.620 Thread 0x000000000224f000 Exception <a 'java/security/PrivilegedActionException'> (0x00000000eaf996c8) thrown at [D:\re\workspace\8-2-build-windows-amd64-cygwin\jdk8u5\2488\hotspot\src\share\vm\prims\jvm.cpp, line 1248]
Event: 3.628 Thread 0x000000000224f000 Exception <a 'java/security/PrivilegedActionException'> (0x00000000eafcc860) thrown at [D:\re\workspace\8-2-build-windows-amd64-cygwin\jdk8u5\2488\hotspot\src\share\vm\prims\jvm.cpp, line 1248]
Event: 3.629 Thread 0x000000000224f000 Exception <a 'java/security/PrivilegedActionException'> (0x00000000eafd2130) thrown at [D:\re\workspace\8-2-build-windows-amd64-cygwin\jdk8u5\2488\hotspot\src\share\vm\prims\jvm.cpp, line 1248]
Event: 3.633 Thread 0x000000000224f000 Exception <a 'java/security/PrivilegedActionException'> (0x00000000eaff8df0) thrown at [D:\re\workspace\8-2-build-windows-amd64-cygwin\jdk8u5\2488\hotspot\src\share\vm\prims\jvm.cpp, line 1248]
Event: 3.652 Thread 0x000000000224f000 Exception <a 'java/security/PrivilegedActionException'> (0x00000000eb047368) thrown at [D:\re\workspace\8-2-build-windows-amd64-cygwin\jdk8u5\2488\hotspot\src\share\vm\prims\jvm.cpp, line 1248]
Event: 3.666 Thread 0x000000000224f000 Exception <a 'java/security/PrivilegedActionException'> (0x00000000eb06c7e8) thrown at [D:\re\workspace\8-2-build-windows-amd64-cygwin\jdk8u5\2488\hotspot\src\share\vm\prims\jvm.cpp, line 1248]
Event: 3.680 Thread 0x000000000224f000 Exception <a 'java/security/PrivilegedActionException'> (0x00000000eb07c058) thrown at [D:\re\workspace\8-2-build-windows-amd64-cygwin\jdk8u5\2488\hotspot\src\share\vm\prims\jvm.cpp, line 1248]
Event: 3.681 Thread 0x000000000224f000 Exception <a 'java/security/PrivilegedActionException'> (0x00000000eb07e008) thrown at [D:\re\workspace\8-2-build-windows-amd64-cygwin\jdk8u5\2488\hotspot\src\share\vm\prims\jvm.cpp, line 1248]
Event: 6.684 Thread 0x000000000224f000 Exception <a 'java/security/PrivilegedActionException'> (0x00000000eb085300) thrown at [D:\re\workspace\8-2-build-windows-amd64-cygwin\jdk8u5\2488\hotspot\src\share\vm\prims\jvm.cpp, line 1248]

Events (10 events):
Event: 3.680 loading class CallbackListener done
Event: 3.681 loading class org/rosuda/JRI/Mutex
Event: 3.681 loading class org/rosuda/JRI/Mutex done
Event: 3.690 Thread 0x000000005735e800 Thread added: 0x000000005735e800
Event: 4.235 Thread 0x000000000224f000 DEOPT PACKING pc=0x0000000002dfd490 sp=0x000000000275f3e0
Event: 4.235 Thread 0x000000000224f000 DEOPT UNPACKING pc=0x0000000002a77204 sp=0x000000000275f160 mode 0
Event: 4.523 Executing VM operation: EnableBiasedLocking
Event: 4.525 Executing VM operation: EnableBiasedLocking done
Event: 6.684 loading class org/rosuda/JRI/REXP
Event: 6.684 loading class org/rosuda/JRI/REXP done


Dynamic libraries:
0x000000013f620000 - 0x000000013f654000 	C:\Program Files\Java\jre8\bin\javaw.exe
0x00000000770e0000 - 0x0000000077289000 	C:\Windows\SYSTEM32\ntdll.dll
0x0000000076fc0000 - 0x00000000770df000 	C:\Windows\system32\kernel32.dll
0x000007fefd250000 - 0x000007fefd2bb000 	C:\Windows\system32\KERNELBASE.dll
0x000007feff0d0000 - 0x000007feff1ab000 	C:\Windows\system32\ADVAPI32.dll
0x000007fefdd80000 - 0x000007fefde1f000 	C:\Windows\system32\msvcrt.dll
0x000007fefd9c0000 - 0x000007fefd9df000 	C:\Windows\SYSTEM32\sechost.dll
0x000007feff1b0000 - 0x000007feff2dd000 	C:\Windows\system32\RPCRT4.dll
0x0000000076ec0000 - 0x0000000076fba000 	C:\Windows\system32\USER32.dll
0x000007feff2e0000 - 0x000007feff347000 	C:\Windows\system32\GDI32.dll
0x000007fefd930000 - 0x000007fefd93e000 	C:\Windows\system32\LPK.dll
0x000007fefdc80000 - 0x000007fefdd49000 	C:\Windows\system32\USP10.dll
0x000007fefb880000 - 0x000007fefba74000 	C:\Windows\WinSxS\amd64_microsoft.windows.common-controls_6595b64144ccf1df_6.0.7601.17514_none_fa396087175ac9ac\COMCTL32.dll
0x000007fefebb0000 - 0x000007fefec21000 	C:\Windows\system32\SHLWAPI.dll
0x000007fefdd50000 - 0x000007fefdd7e000 	C:\Windows\system32\IMM32.DLL
0x000007fefdac0000 - 0x000007fefdbc9000 	C:\Windows\system32\MSCTF.dll
0x00000000742b0000 - 0x0000000074382000 	C:\Program Files\Java\jre8\bin\msvcr100.dll
0x0000000071490000 - 0x0000000071cba000 	C:\Program Files\Java\jre8\bin\server\jvm.dll
0x000007feef020000 - 0x000007feef029000 	C:\Windows\system32\WSOCK32.dll
0x000007fefdc30000 - 0x000007fefdc7d000 	C:\Windows\system32\WS2_32.dll
0x000007fefd920000 - 0x000007fefd928000 	C:\Windows\system32\NSI.dll
0x000007fefa880000 - 0x000007fefa8bb000 	C:\Windows\system32\WINMM.dll
0x00000000772b0000 - 0x00000000772b7000 	C:\Windows\system32\PSAPI.DLL
0x00000000742a0000 - 0x00000000742af000 	C:\Program Files\Java\jre8\bin\verify.dll
0x0000000074270000 - 0x0000000074298000 	C:\Program Files\Java\jre8\bin\java.dll
0x00000000740c0000 - 0x00000000740d6000 	C:\Program Files\Java\jre8\bin\zip.dll
0x000007fefde20000 - 0x000007fefeba8000 	C:\Windows\system32\SHELL32.dll
0x000007fefec30000 - 0x000007fefee33000 	C:\Windows\system32\ole32.dll
0x000007fefcec0000 - 0x000007fefcecf000 	C:\Windows\system32\profapi.dll
0x0000000062d80000 - 0x0000000062da6000 	C:\Program Files\R\R-3.1.0\library\rJava\jri\x64\jri.dll
0x000000006c700000 - 0x000000006cae1000 	C:\Program Files\R\R-3.1.0\bin\x64\R.dll
0x0000000064e80000 - 0x0000000064eda000 	C:\Program Files\R\R-3.1.0\bin\x64\Rblas.dll
0x00000000641c0000 - 0x00000000641e5000 	C:\Program Files\R\R-3.1.0\bin\x64\Riconv.dll
0x0000000063540000 - 0x00000000635b0000 	C:\Program Files\R\R-3.1.0\bin\x64\Rgraphapp.dll
0x000007feff350000 - 0x000007feff3e7000 	C:\Windows\system32\comdlg32.dll
0x000007fefacb0000 - 0x000007fefacb7000 	C:\Windows\system32\MSIMG32.dll
0x000000006f8c0000 - 0x000000006f8f2000 	C:\Program Files\R\R-3.1.0\bin\x64\Rzlib.dll
0x000007fefbe80000 - 0x000007fefbe8c000 	C:\Windows\system32\VERSION.dll
0x000007fefb6a0000 - 0x000007fefb6f6000 	C:\Windows\system32\uxtheme.dll
0x000000006e5c0000 - 0x000000006e5e7000 	C:\Program Files\R\R-3.1.0\library\utils\libs\x64\utils.dll
0x0000000064a40000 - 0x0000000064a54000 	C:\Program Files\R\R-3.1.0\library\methods\libs\x64\methods.dll
0x000000006fc80000 - 0x000000006fcd1000 	C:\Program Files\R\R-3.1.0\library\grDevices\libs\x64\grDevices.dll
0x0000000063740000 - 0x0000000063787000 	C:\Program Files\R\R-3.1.0\library\graphics\libs\x64\graphics.dll
0x0000000071100000 - 0x00000000711a1000 	C:\Program Files\R\R-3.1.0\library\stats\libs\x64\stats.dll
0x00000000599b0000 - 0x0000000059c49000 	C:\Program Files\R\R-3.1.0\bin\x64\Rlapack.dll
0x0000000064080000 - 0x0000000064096000 	C:\Program Files\R\R-3.1.0\library\rJava\libs\x64\rJava.dll
0x000000006ec00000 - 0x000000006ec39000 	C:\Program Files\R\R-3.1.0\library\bnlearn\libs\x64\bnlearn.dll
0x000007fef7660000 - 0x000007fef7785000 	C:\Windows\system32\dbghelp.dll

VM Arguments:
jvm_args: -Dfile.encoding=Cp1252 
java_command: CGuideOwl
java_class_path (initial): C:\Users\Filipe\Desktop\Trabalho SI\Eclipse_Projets\CGuide\target\test-classes;C:\Users\Filipe\Desktop\Trabalho SI\Eclipse_Projets\CGuide\target\classes;C:\Users\Filipe\Desktop\Trabalho SI\Eclipse_Projets\CGuide\WebContent\WEB-INF\lib\javax.annotation.jar;C:\Users\Filipe\Desktop\Trabalho SI\Eclipse_Projets\CGuide\WebContent\WEB-INF\lib\javax.ejb.jar;C:\Users\Filipe\Desktop\Trabalho SI\Eclipse_Projets\CGuide\WebContent\WEB-INF\lib\javax.jms.jar;C:\Users\Filipe\Desktop\Trabalho SI\Eclipse_Projets\CGuide\WebContent\WEB-INF\lib\javax.persistence.jar;C:\Users\Filipe\Desktop\Trabalho SI\Eclipse_Projets\CGuide\WebContent\WEB-INF\lib\javax.resource.jar;C:\Users\Filipe\Desktop\Trabalho SI\Eclipse_Projets\CGuide\WebContent\WEB-INF\lib\javax.servlet.jar;C:\Users\Filipe\Desktop\Trabalho SI\Eclipse_Projets\CGuide\WebContent\WEB-INF\lib\javax.servlet.jsp.jar;C:\Users\Filipe\Desktop\Trabalho SI\Eclipse_Projets\CGuide\WebContent\WEB-INF\lib\javax.servlet.jsp.jstl.jar;C:\Users\Filipe\Desktop\Trabalho SI\Eclipse_Projets\CGuide\WebContent\WEB-INF\lib\javax.transaction.jar;C:\Users\Filipe\Desktop\Trabalho SI\Eclipse_Projets\CGuide\WebContent\WEB-INF\lib\mysql-connector-java-5.1.18-bin.jar;C:\Users\Filipe\Desktop\Trabalho SI\Eclipse_Projets\CGuide\WebContent\WEB-INF\lib\owlapi-api-3.4.3-sources.jar;C:\Users\Filipe\Desktop\Trabalho SI\Eclipse_Projets\CGuide\WebContent\WEB-INF\lib\owlapi-api-3.4.3.jar;C:\Users\Filipe\Desktop\Trabalho SI\Eclipse_Projets\CGuide\WebContent\WEB-INF\lib\owlapi-apibinding-3.4.3-sources.jar;C:\Users\Filipe\Desktop\Trabalho SI\Eclipse_Projets\CGuide\WebContent\WEB-INF\lib\owlapi-apibinding-3.4.3.jar;C:\Users\Filipe\Desktop\Trabalho SI\Eclipse_Projets\CGuide\WebContent\WEB-INF\lib\owlapi-contract-3.4.3-sources.jar;C:\Users\Filipe\Desktop\Trabalho SI\Eclipse_Projets\CGuide\WebContent\WEB-INF\lib\owlapi-contract-3.4.3.jar;C:\Users\Filipe\Desktop\Trabalho SI\Eclipse_Projets\CGuide\WebContent\WEB-INF\lib\owlapi-impl-3.4.3-sources.jar;C:\Us
Launcher Type: SUN_STANDARD

Environment Variables:
CLASSPATH=.;c:\jade\lib\jade.jar;
PATH=C:\Program Files (x86)\NVIDIA Corporation\PhysX\Common;C:\app\BD\product\11.2.0\dbhome_2\bin;C:\app\teste\product\11.2.0\dbhome_1\bin;C:\app\Filipe\product\11.2.0\client_1;C:\app\Filipe\product\11.2.0\client_1\bin;C:\Windows\system32;C:\Windows;C:\Windows\System32\Wbem;C:\Windows\System32\WindowsPowerShell\v1.0\;C:\Program Files\MiKTeX 2.9\miktex\bin\x64\;C:\Program Files\Microsoft\Web Platform Installer\;C:\Program Files (x86)\Microsoft ASP.NET\ASP.NET Web Pages\v1.0\;C:\Program Files (x86)\Windows Kits\8.0\Windows Performance Toolkit\;C:\Program Files\Microsoft SQL Server\110\Tools\Binn\;C:\Program Files (x86)\Common Files\Acronis\SnapAPI\;C:\Program Files\R\R-3.1.0\bin\x64;C:\Program Files\R\R-3.1.0\library\rJava\jri\x64;C:\Program Files\Java\jdk1.8.0_05\bin
USERNAME=Filipe
OS=Windows_NT
PROCESSOR_IDENTIFIER=Intel64 Family 6 Model 23 Stepping 10, GenuineIntel



---------------  S Y S T E M  ---------------

OS: Windows 7 , 64 bit Build 7601 Service Pack 1

CPU:total 2 (2 cores per cpu, 1 threads per core) family 6 model 23 stepping 10, cmov, cx8, fxsr, mmx, sse, sse2, sse3, ssse3, tsc

Memory: 4k page, physical 4189008k(1105208k free), swap 8376152k(4099844k free)

vm_info: Java HotSpot(TM) 64-Bit Server VM (25.5-b02) for windows-amd64 JRE (1.8.0_05-b13), built on Mar 18 2014 01:08:39 by "java_re" with MS VC++ 10.0 (VS2010)

time: Fri Jul 04 16:24:14 2014
elapsed time: 7 seconds

