#
# A fatal error has been detected by the Java Runtime Environment:
#
#  EXCEPTION_ACCESS_VIOLATION (0xc0000005) at pc=0x00000000770f8724, pid=4268, tid=4084
#
# JRE version: Java(TM) SE Runtime Environment (8.0_05-b13) (build 1.8.0_05-b13)
# Java VM: Java HotSpot(TM) 64-Bit Server VM (25.5-b02 mixed mode windows-amd64 compressed oops)
# Problematic frame:
# C  [ntdll.dll+0x18724]
#
# Failed to write core dump. Minidumps are not enabled by default on client versions of Windows
#
# If you would like to submit a bug report, please visit:
#   http://bugreport.sun.com/bugreport/crash.jsp
# The crash happened outside the Java Virtual Machine in native code.
# See problematic frame for where to report the bug.
#

---------------  T H R E A D  ---------------

Current thread (0x000000000216f000):  JavaThread "main" [_thread_in_native, id=4084, stack(0x0000000002520000,0x0000000002620000)]

siginfo: ExceptionCode=0xc0000005, reading address 0x0000000002e204ed

Registers:
RAX=0x000000000260e7c0, RBX=0x0000000002620000, RCX=0x000000000260e860, RDX=0x0000000000000580
RSP=0x000000000260e540, RBP=0x000000000260e6c0, RSI=0x000000000260ec40, RDI=0x00000000028f017c
R8 =0x0000000000000000, R9 =0x00000000028f0000, R10=0x0000000000000000, R11=0x000000000260e7c0
R12=0x00000000026246a0, R13=0x000000005825d890, R14=0x0000000002e204ed, R15=0x00000000028f0170
RIP=0x00000000770f8724, EFLAGS=0x0000000000010246

Top of Stack: (sp=0x000000000260e540)
0x000000000260e540:   0000000002620000 000000000260ec40
0x000000000260e550:   0000000000012f00 000000006c821ea9
0x000000000260e560:   0000000059d2add0 0000000000180788
0x000000000260e570:   00000000024e5440 000000006c810fb3
0x000000000260e580:   0000000000000002 0000000000000000
0x000000000260e590:   000000000260ec40 00000000028f0000
0x000000000260e5a0:   000000000261fb60 0000000059d2bba8
0x000000000260e5b0:   00000000028f0170 0000000002620000
0x000000000260e5c0:   0000000071b87e64 00000000025ea000
0x000000000260e5d0:   00000000715c5311 0000000071490000
0x000000000260e5e0:   0000000071c56820 000000000261f7f0
0x000000000260e5f0:   000000006c751b64 000000000260e6c0
0x000000000260e600:   0000000071a25c44 0000000071b87e64
0x000000000260e610:   0000000000000000 0000000000000000
0x000000000260e620:   41dfffffffc00000 0000000000000000
0x000000000260e630:   0000000000000000 0000000000000000 

Instructions: (pc=0x00000000770f8724)
0x00000000770f8704:   41 8b 7f 08 45 33 d2 49 03 f9 4c 89 54 24 48 f6
0x00000000770f8714:   47 03 0f 0f 85 3d 0c 00 00 4c 8b a5 98 00 00 00
0x00000000770f8724:   41 0f b6 0e 4c 89 64 24 60 49 8b d6 80 f9 48 0f
0x00000000770f8734:   84 e0 03 00 00 0f b6 c1 24 fe 3c 48 0f 84 a7 15 


Register to memory mapping:

RAX=0x000000000260e7c0 is pointing into the stack for thread: 0x000000000216f000
RBX=0x0000000002620000 is pointing into the stack for thread: 0x000000000216f000
RCX=0x000000000260e860 is pointing into the stack for thread: 0x000000000216f000
RDX=0x0000000000000580 is an unknown value
RSP=0x000000000260e540 is pointing into the stack for thread: 0x000000000216f000
RBP=0x000000000260e6c0 is pointing into the stack for thread: 0x000000000216f000
RSI=0x000000000260ec40 is pointing into the stack for thread: 0x000000000216f000
RDI=0x00000000028f017c is at code_begin+28 in 
[CodeBlob (0x00000000028f0110)]
Framesize: 0
BufferBlob (0x00000000028f0110) used for CodeCache Exception Handler
R8 =0x0000000000000000 is an unknown value
R9 =0x00000000028f0000 is an unknown value
R10=0x0000000000000000 is an unknown value
R11=0x000000000260e7c0 is pointing into the stack for thread: 0x000000000216f000
R12=0x00000000026246a0 is an unknown value
R13=0x000000005825d890 is pointing into the stack for thread: 0x0000000056e32800
R14=0x0000000002e204ed is an unknown value
R15=0x00000000028f0170 is at code_begin+16 in 
[CodeBlob (0x00000000028f0110)]
Framesize: 0
BufferBlob (0x00000000028f0110) used for CodeCache Exception Handler


Stack: [0x0000000002520000,0x0000000002620000],  sp=0x000000000260e540,  free space=953k
Native frames: (J=compiled Java code, j=interpreted, Vv=VM code, C=native code)
C  [ntdll.dll+0x18724]
C  [msvcrt.dll+0xe5a3]
C  [R.dll+0x6575e]
C  [R.dll+0x64499]
C  [R.dll+0x6508c]
C  [R.dll+0xb27df]
C  [R.dll+0xb339e]
C  [R.dll+0xb466b]
C  [R.dll+0xb6f63]
C  [R.dll+0xb799c]
C  [jri.dll+0x1695]
C  0x00000000029039ad

Java frames: (J=compiled Java code, j=interpreted, Vv=VM code)
j  org.rosuda.JRI.Rengine.rniParse(Ljava/lang/String;I)J+0
j  org.rosuda.JRI.Rengine.eval(Ljava/lang/String;Z)Lorg/rosuda/JRI/REXP;+53
j  org.rosuda.JRI.Rengine.eval(Ljava/lang/String;)Lorg/rosuda/JRI/REXP;+3
j  CGuideOwl.GerarBN(Ljava/lang/String;Ljava/util/ArrayList;)Ljava/lang/String;+117
j  CGuideOwl.main([Ljava/lang/String;)V+215
v  ~StubRoutines::call_stub

---------------  P R O C E S S  ---------------

Java Threads: ( => current thread )
  0x0000000056e32800 JavaThread "Thread-1" [_thread_blocked, id=984, stack(0x0000000058160000,0x0000000058260000)]
  0x0000000054e99000 JavaThread "Service Thread" daemon [_thread_blocked, id=2160, stack(0x0000000055ef0000,0x0000000055ff0000)]
  0x0000000054e92000 JavaThread "C1 CompilerThread1" daemon [_thread_blocked, id=5024, stack(0x0000000056140000,0x0000000056240000)]
  0x0000000054e4b800 JavaThread "C2 CompilerThread0" daemon [_thread_blocked, id=2336, stack(0x0000000056010000,0x0000000056110000)]
  0x0000000054e4a800 JavaThread "Attach Listener" daemon [_thread_blocked, id=2332, stack(0x0000000055a90000,0x0000000055b90000)]
  0x0000000054e43000 JavaThread "Signal Dispatcher" daemon [_thread_blocked, id=1624, stack(0x0000000055de0000,0x0000000055ee0000)]
  0x0000000054ddf800 JavaThread "Finalizer" daemon [_thread_blocked, id=4116, stack(0x0000000055bc0000,0x0000000055cc0000)]
  0x0000000054dd6000 JavaThread "Reference Handler" daemon [_thread_blocked, id=3800, stack(0x0000000055720000,0x0000000055820000)]
=>0x000000000216f000 JavaThread "main" [_thread_in_native, id=4084, stack(0x0000000002520000,0x0000000002620000)]

Other Threads:
  0x0000000054dd2800 VMThread [stack: 0x0000000055900000,0x0000000055a00000] [id=3076]
  0x0000000054e9b000 WatcherThread [stack: 0x0000000056370000,0x0000000056470000] [id=4700]

VM state:not at safepoint (normal execution)

VM Mutex/Monitor currently owned by a thread: None

Heap:
 PSYoungGen      total 14848K, used 7585K [0x00000000eab00000, 0x00000000ec500000, 0x0000000100000000)
  eden space 13312K, 45% used [0x00000000eab00000,0x00000000eb0e9838,0x00000000eb800000)
  from space 1536K, 99% used [0x00000000eb800000,0x00000000eb97efa0,0x00000000eb980000)
  to   space 2560K, 0% used [0x00000000ec280000,0x00000000ec280000,0x00000000ec500000)
 ParOldGen       total 64000K, used 2618K [0x00000000c0000000, 0x00000000c3e80000, 0x00000000eab00000)
  object space 64000K, 4% used [0x00000000c0000000,0x00000000c028eb40,0x00000000c3e80000)
 Metaspace       used 8193K, capacity 8404K, committed 8704K, reserved 1056768K
  class space    used 1149K, capacity 1168K, committed 1280K, reserved 1048576K

Card table byte_map: [0x0000000011cb0000,0x0000000011ec0000] byte_map_base: 0x00000000116b0000

Marking Bits: (ParMarkBitMap*) 0x0000000071c413b0
 Begin Bits: [0x00000000122a0000, 0x00000000132a0000)
 End Bits:   [0x00000000132a0000, 0x00000000142a0000)

Polling page: 0x0000000000120000

CodeCache: size=245760Kb used=4114Kb max_used=4125Kb free=241645Kb
 bounds [0x00000000028f0000, 0x0000000002d00000, 0x00000000118f0000]
 total_blobs=1356 nmethods=1077 adapters=193
 compilation: enabled

Compilation events (10 events):
Event: 5.202 Thread 0x0000000054e4b800 1062       4       java.lang.StringBuilder::append (8 bytes)
Event: 5.208 Thread 0x0000000054e4b800 nmethod 1062 0x0000000002cf3410 code [0x0000000002cf3560, 0x0000000002cf3928]
Event: 5.208 Thread 0x0000000054e4b800 1031       4       java.util.ArrayList::<init> (44 bytes)
Event: 5.210 Thread 0x0000000054e4b800 nmethod 1031 0x0000000002cf30d0 code [0x0000000002cf3220, 0x0000000002cf3338]
Event: 5.339 Thread 0x0000000054e92000 1078 %     3       org.rosuda.JRI.Rengine::<init> @ 74 (95 bytes)
Event: 5.340 Thread 0x0000000054e92000 nmethod 1078% 0x0000000002cf6410 code [0x0000000002cf65c0, 0x0000000002cf6aa8]
Event: 5.340 Thread 0x0000000054e92000 1079       3       org.rosuda.JRI.Rengine::<init> (95 bytes)
Event: 5.341 Thread 0x0000000054e92000 nmethod 1079 0x0000000002cf5bd0 code [0x0000000002cf5d80, 0x0000000002cf6228]
Event: 5.350 Thread 0x0000000054e4b800 1080 %     4       org.rosuda.JRI.Rengine::<init> @ 74 (95 bytes)
Event: 5.352 Thread 0x0000000054e4b800 nmethod 1080% 0x0000000002cf43d0 code [0x0000000002cf4520, 0x0000000002cf45e8]

GC Heap History (10 events):
Event: 2.461 GC heap before
{Heap before GC invocations=7 (full 0):
 PSYoungGen      total 5120K, used 4897K [0x00000000eab00000, 0x00000000eb100000, 0x0000000100000000)
  eden space 4096K, 100% used [0x00000000eab00000,0x00000000eaf00000,0x00000000eaf00000)
  from space 1024K, 78% used [0x00000000eb000000,0x00000000eb0c8480,0x00000000eb100000)
  to   space 1024K, 0% used [0x00000000eaf00000,0x00000000eaf00000,0x00000000eb000000)
 ParOldGen       total 64000K, used 632K [0x00000000c0000000, 0x00000000c3e80000, 0x00000000eab00000)
  object space 64000K, 0% used [0x00000000c0000000,0x00000000c009e250,0x00000000c3e80000)
 Metaspace       used 4807K, capacity 5804K, committed 6016K, reserved 1056768K
  class space    used 587K, capacity 616K, committed 640K, reserved 1048576K
Event: 2.535 GC heap after
Heap after GC invocations=7 (full 0):
 PSYoungGen      total 5120K, used 1021K [0x00000000eab00000, 0x00000000eb600000, 0x0000000100000000)
  eden space 4096K, 0% used [0x00000000eab00000,0x00000000eab00000,0x00000000eaf00000)
  from space 1024K, 99% used [0x00000000eaf00000,0x00000000eafff498,0x00000000eb000000)
  to   space 1536K, 0% used [0x00000000eb480000,0x00000000eb480000,0x00000000eb600000)
 ParOldGen       total 64000K, used 997K [0x00000000c0000000, 0x00000000c3e80000, 0x00000000eab00000)
  object space 64000K, 1% used [0x00000000c0000000,0x00000000c00f9710,0x00000000c3e80000)
 Metaspace       used 4807K, capacity 5804K, committed 6016K, reserved 1056768K
  class space    used 587K, capacity 616K, committed 640K, reserved 1048576K
}
Event: 3.010 GC heap before
{Heap before GC invocations=8 (full 0):
 PSYoungGen      total 5120K, used 5117K [0x00000000eab00000, 0x00000000eb600000, 0x0000000100000000)
  eden space 4096K, 100% used [0x00000000eab00000,0x00000000eaf00000,0x00000000eaf00000)
  from space 1024K, 99% used [0x00000000eaf00000,0x00000000eafff498,0x00000000eb000000)
  to   space 1536K, 0% used [0x00000000eb480000,0x00000000eb480000,0x00000000eb600000)
 ParOldGen       total 64000K, used 997K [0x00000000c0000000, 0x00000000c3e80000, 0x00000000eab00000)
  object space 64000K, 1% used [0x00000000c0000000,0x00000000c00f9710,0x00000000c3e80000)
 Metaspace       used 5249K, capacity 6132K, committed 6400K, reserved 1056768K
  class space    used 668K, capacity 688K, committed 768K, reserved 1048576K
Event: 3.023 GC heap after
Heap after GC invocations=8 (full 0):
 PSYoungGen      total 9728K, used 1094K [0x00000000eab00000, 0x00000000eb600000, 0x0000000100000000)
  eden space 8192K, 0% used [0x00000000eab00000,0x00000000eab00000,0x00000000eb300000)
  from space 1536K, 71% used [0x00000000eb480000,0x00000000eb591900,0x00000000eb600000)
  to   space 1536K, 0% used [0x00000000eb300000,0x00000000eb300000,0x00000000eb480000)
 ParOldGen       total 64000K, used 1085K [0x00000000c0000000, 0x00000000c3e80000, 0x00000000eab00000)
  object space 64000K, 1% used [0x00000000c0000000,0x00000000c010f710,0x00000000c3e80000)
 Metaspace       used 5249K, capacity 6132K, committed 6400K, reserved 1056768K
  class space    used 668K, capacity 688K, committed 768K, reserved 1048576K
}
Event: 3.324 GC heap before
{Heap before GC invocations=9 (full 0):
 PSYoungGen      total 9728K, used 9286K [0x00000000eab00000, 0x00000000eb600000, 0x0000000100000000)
  eden space 8192K, 100% used [0x00000000eab00000,0x00000000eb300000,0x00000000eb300000)
  from space 1536K, 71% used [0x00000000eb480000,0x00000000eb591900,0x00000000eb600000)
  to   space 1536K, 0% used [0x00000000eb300000,0x00000000eb300000,0x00000000eb480000)
 ParOldGen       total 64000K, used 1085K [0x00000000c0000000, 0x00000000c3e80000, 0x00000000eab00000)
  object space 64000K, 1% used [0x00000000c0000000,0x00000000c010f710,0x00000000c3e80000)
 Metaspace       used 6440K, capacity 6772K, committed 7040K, reserved 1056768K
  class space    used 855K, capacity 880K, committed 896K, reserved 1048576K
Event: 3.412 GC heap after
Heap after GC invocations=9 (full 0):
 PSYoungGen      total 9728K, used 1477K [0x00000000eab00000, 0x00000000ebc00000, 0x0000000100000000)
  eden space 8192K, 0% used [0x00000000eab00000,0x00000000eab00000,0x00000000eb300000)
  from space 1536K, 96% used [0x00000000eb300000,0x00000000eb471690,0x00000000eb480000)
  to   space 2048K, 0% used [0x00000000eba00000,0x00000000eba00000,0x00000000ebc00000)
 ParOldGen       total 64000K, used 1221K [0x00000000c0000000, 0x00000000c3e80000, 0x00000000eab00000)
  object space 64000K, 1% used [0x00000000c0000000,0x00000000c0131710,0x00000000c3e80000)
 Metaspace       used 6440K, capacity 6772K, committed 7040K, reserved 1056768K
  class space    used 855K, capacity 880K, committed 896K, reserved 1048576K
}
Event: 3.685 GC heap before
{Heap before GC invocations=10 (full 0):
 PSYoungGen      total 9728K, used 9669K [0x00000000eab00000, 0x00000000ebc00000, 0x0000000100000000)
  eden space 8192K, 100% used [0x00000000eab00000,0x00000000eb300000,0x00000000eb300000)
  from space 1536K, 96% used [0x00000000eb300000,0x00000000eb471690,0x00000000eb480000)
  to   space 2048K, 0% used [0x00000000eba00000,0x00000000eba00000,0x00000000ebc00000)
 ParOldGen       total 64000K, used 1221K [0x00000000c0000000, 0x00000000c3e80000, 0x00000000eab00000)
  object space 64000K, 1% used [0x00000000c0000000,0x00000000c0131710,0x00000000c3e80000)
 Metaspace       used 6967K, capacity 7284K, committed 7424K, reserved 1056768K
  class space    used 932K, capacity 944K, committed 1024K, reserved 1048576K
Event: 3.700 GC heap after
Heap after GC invocations=10 (full 0):
 PSYoungGen      total 14336K, used 929K [0x00000000eab00000, 0x00000000ebb00000, 0x0000000100000000)
  eden space 13312K, 0% used [0x00000000eab00000,0x00000000eab00000,0x00000000eb800000)
  from space 1024K, 90% used [0x00000000eba00000,0x00000000ebae87e0,0x00000000ebb00000)
  to   space 1536K, 0% used [0x00000000eb800000,0x00000000eb800000,0x00000000eb980000)
 ParOldGen       total 64000K, used 1637K [0x00000000c0000000, 0x00000000c3e80000, 0x00000000eab00000)
  object space 64000K, 2% used [0x00000000c0000000,0x00000000c0199710,0x00000000c3e80000)
 Metaspace       used 6967K, capacity 7284K, committed 7424K, reserved 1056768K
  class space    used 932K, capacity 944K, committed 1024K, reserved 1048576K
}
Event: 4.971 GC heap before
{Heap before GC invocations=11 (full 0):
 PSYoungGen      total 14336K, used 14241K [0x00000000eab00000, 0x00000000ebb00000, 0x0000000100000000)
  eden space 13312K, 100% used [0x00000000eab00000,0x00000000eb800000,0x00000000eb800000)
  from space 1024K, 90% used [0x00000000eba00000,0x00000000ebae87e0,0x00000000ebb00000)
  to   space 1536K, 0% used [0x00000000eb800000,0x00000000eb800000,0x00000000eb980000)
 ParOldGen       total 64000K, used 1637K [0x00000000c0000000, 0x00000000c3e80000, 0x00000000eab00000)
  object space 64000K, 2% used [0x00000000c0000000,0x00000000c0199710,0x00000000c3e80000)
 Metaspace       used 7897K, capacity 8180K, committed 8320K, reserved 1056768K
  class space    used 1100K, capacity 1136K, committed 1152K, reserved 1048576K
Event: 4.997 GC heap after
Heap after GC invocations=11 (full 0):
 PSYoungGen      total 14848K, used 1531K [0x00000000eab00000, 0x00000000ec500000, 0x0000000100000000)
  eden space 13312K, 0% used [0x00000000eab00000,0x00000000eab00000,0x00000000eb800000)
  from space 1536K, 99% used [0x00000000eb800000,0x00000000eb97efa0,0x00000000eb980000)
  to   space 2560K, 0% used [0x00000000ec280000,0x00000000ec280000,0x00000000ec500000)
 ParOldGen       total 64000K, used 2618K [0x00000000c0000000, 0x00000000c3e80000, 0x00000000eab00000)
  object space 64000K, 4% used [0x00000000c0000000,0x00000000c028eb40,0x00000000c3e80000)
 Metaspace       used 7897K, capacity 8180K, committed 8320K, reserved 1056768K
  class space    used 1100K, capacity 1136K, committed 1152K, reserved 1048576K
}

Deoptimization events (4 events):
Event: 3.177 Thread 0x000000000216f000 Uncommon trap: reason=unreached action=reinterpret pc=0x0000000002b5e3c0 method=java.lang.AbstractStringBuilder.append(Ljava/lang/String;)Ljava/lang/AbstractStringBuilder; @ 1
Event: 3.177 Thread 0x000000000216f000 Uncommon trap: reason=unreached action=reinterpret pc=0x0000000002afb0b8 method=java.lang.AbstractStringBuilder.append(Ljava/lang/String;)Ljava/lang/AbstractStringBuilder; @ 1
Event: 5.024 Thread 0x000000000216f000 Uncommon trap: reason=unreached action=reinterpret pc=0x0000000002c2238c method=java.lang.ref.ReferenceQueue.poll()Ljava/lang/ref/Reference; @ 4
Event: 5.135 Thread 0x000000000216f000 Uncommon trap: reason=unreached action=reinterpret pc=0x0000000002c72468 method=org.apache.xerces.util.XMLAttributesImpl.getPrefix(I)Ljava/lang/String; @ 28

Internal exceptions (10 events):
Event: 5.134 Thread 0x000000000216f000 Exception <a 'java/security/PrivilegedActionException'> (0x00000000eaf97ac8) thrown at [D:\re\workspace\8-2-build-windows-amd64-cygwin\jdk8u5\2488\hotspot\src\share\vm\prims\jvm.cpp, line 1248]
Event: 5.136 Thread 0x000000000216f000 Exception <a 'java/security/PrivilegedActionException'> (0x00000000eaf9ed58) thrown at [D:\re\workspace\8-2-build-windows-amd64-cygwin\jdk8u5\2488\hotspot\src\share\vm\prims\jvm.cpp, line 1248]
Event: 5.144 Thread 0x000000000216f000 Exception <a 'java/security/PrivilegedActionException'> (0x00000000eafd1e20) thrown at [D:\re\workspace\8-2-build-windows-amd64-cygwin\jdk8u5\2488\hotspot\src\share\vm\prims\jvm.cpp, line 1248]
Event: 5.145 Thread 0x000000000216f000 Exception <a 'java/security/PrivilegedActionException'> (0x00000000eafd76f0) thrown at [D:\re\workspace\8-2-build-windows-amd64-cygwin\jdk8u5\2488\hotspot\src\share\vm\prims\jvm.cpp, line 1248]
Event: 5.149 Thread 0x000000000216f000 Exception <a 'java/security/PrivilegedActionException'> (0x00000000eaff40f8) thrown at [D:\re\workspace\8-2-build-windows-amd64-cygwin\jdk8u5\2488\hotspot\src\share\vm\prims\jvm.cpp, line 1248]
Event: 5.163 Thread 0x000000000216f000 Exception <a 'java/security/PrivilegedActionException'> (0x00000000eb04be40) thrown at [D:\re\workspace\8-2-build-windows-amd64-cygwin\jdk8u5\2488\hotspot\src\share\vm\prims\jvm.cpp, line 1248]
Event: 5.176 Thread 0x000000000216f000 Exception <a 'java/security/PrivilegedActionException'> (0x00000000eb0708a8) thrown at [D:\re\workspace\8-2-build-windows-amd64-cygwin\jdk8u5\2488\hotspot\src\share\vm\prims\jvm.cpp, line 1248]
Event: 5.190 Thread 0x000000000216f000 Exception <a 'java/security/PrivilegedActionException'> (0x00000000eb080118) thrown at [D:\re\workspace\8-2-build-windows-amd64-cygwin\jdk8u5\2488\hotspot\src\share\vm\prims\jvm.cpp, line 1248]
Event: 5.191 Thread 0x000000000216f000 Exception <a 'java/security/PrivilegedActionException'> (0x00000000eb0820c8) thrown at [D:\re\workspace\8-2-build-windows-amd64-cygwin\jdk8u5\2488\hotspot\src\share\vm\prims\jvm.cpp, line 1248]
Event: 7.536 Thread 0x000000000216f000 Exception <a 'java/security/PrivilegedActionException'> (0x00000000eb08a700) thrown at [D:\re\workspace\8-2-build-windows-amd64-cygwin\jdk8u5\2488\hotspot\src\share\vm\prims\jvm.cpp, line 1248]

Events (10 events):
Event: 5.190 loading class CallbackListener done
Event: 5.191 loading class org/rosuda/JRI/Mutex
Event: 5.191 loading class org/rosuda/JRI/Mutex done
Event: 5.211 Thread 0x0000000056e32800 Thread added: 0x0000000056e32800
Event: 5.221 Executing VM operation: RevokeBias
Event: 5.222 Executing VM operation: RevokeBias done
Event: 5.352 Thread 0x000000000216f000 DEOPT PACKING pc=0x0000000002cf6990 sp=0x000000000261f2e0
Event: 5.352 Thread 0x000000000216f000 DEOPT UNPACKING pc=0x0000000002937204 sp=0x000000000261f060 mode 0
Event: 7.536 loading class org/rosuda/JRI/REXP
Event: 7.536 loading class org/rosuda/JRI/REXP done


Dynamic libraries:
0x000000013f950000 - 0x000000013f984000 	C:\Program Files\Java\jre8\bin\javaw.exe
0x00000000770e0000 - 0x0000000077289000 	C:\Windows\SYSTEM32\ntdll.dll
0x0000000076fc0000 - 0x00000000770df000 	C:\Windows\system32\kernel32.dll
0x000007fefd250000 - 0x000007fefd2bb000 	C:\Windows\system32\KERNELBASE.dll
0x000007feff0d0000 - 0x000007feff1ab000 	C:\Windows\system32\ADVAPI32.dll
0x000007fefdd80000 - 0x000007fefde1f000 	C:\Windows\system32\msvcrt.dll
0x000007fefd9c0000 - 0x000007fefd9df000 	C:\Windows\SYSTEM32\sechost.dll
0x000007feff1b0000 - 0x000007feff2dd000 	C:\Windows\system32\RPCRT4.dll
0x0000000076ec0000 - 0x0000000076fba000 	C:\Windows\system32\USER32.dll
0x000007feff2e0000 - 0x000007feff347000 	C:\Windows\system32\GDI32.dll
0x000007fefd930000 - 0x000007fefd93e000 	C:\Windows\system32\LPK.dll
0x000007fefdc80000 - 0x000007fefdd49000 	C:\Windows\system32\USP10.dll
0x000007fefb880000 - 0x000007fefba74000 	C:\Windows\WinSxS\amd64_microsoft.windows.common-controls_6595b64144ccf1df_6.0.7601.17514_none_fa396087175ac9ac\COMCTL32.dll
0x000007fefebb0000 - 0x000007fefec21000 	C:\Windows\system32\SHLWAPI.dll
0x000007fefdd50000 - 0x000007fefdd7e000 	C:\Windows\system32\IMM32.DLL
0x000007fefdac0000 - 0x000007fefdbc9000 	C:\Windows\system32\MSCTF.dll
0x00000000742b0000 - 0x0000000074382000 	C:\Program Files\Java\jre8\bin\msvcr100.dll
0x0000000071490000 - 0x0000000071cba000 	C:\Program Files\Java\jre8\bin\server\jvm.dll
0x000007feef020000 - 0x000007feef029000 	C:\Windows\system32\WSOCK32.dll
0x000007fefdc30000 - 0x000007fefdc7d000 	C:\Windows\system32\WS2_32.dll
0x000007fefd920000 - 0x000007fefd928000 	C:\Windows\system32\NSI.dll
0x000007fefa880000 - 0x000007fefa8bb000 	C:\Windows\system32\WINMM.dll
0x00000000772b0000 - 0x00000000772b7000 	C:\Windows\system32\PSAPI.DLL
0x00000000742a0000 - 0x00000000742af000 	C:\Program Files\Java\jre8\bin\verify.dll
0x0000000074270000 - 0x0000000074298000 	C:\Program Files\Java\jre8\bin\java.dll
0x00000000740c0000 - 0x00000000740d6000 	C:\Program Files\Java\jre8\bin\zip.dll
0x000007fefde20000 - 0x000007fefeba8000 	C:\Windows\system32\SHELL32.dll
0x000007fefec30000 - 0x000007fefee33000 	C:\Windows\system32\ole32.dll
0x000007fefcec0000 - 0x000007fefcecf000 	C:\Windows\system32\profapi.dll
0x0000000062d80000 - 0x0000000062da6000 	C:\Program Files\R\R-3.1.0\library\rJava\jri\x64\jri.dll
0x000000006c700000 - 0x000000006cae1000 	C:\Program Files\R\R-3.1.0\bin\x64\R.dll
0x0000000064e80000 - 0x0000000064eda000 	C:\Program Files\R\R-3.1.0\bin\x64\Rblas.dll
0x00000000641c0000 - 0x00000000641e5000 	C:\Program Files\R\R-3.1.0\bin\x64\Riconv.dll
0x0000000063540000 - 0x00000000635b0000 	C:\Program Files\R\R-3.1.0\bin\x64\Rgraphapp.dll
0x000007feff350000 - 0x000007feff3e7000 	C:\Windows\system32\comdlg32.dll
0x000007fefacb0000 - 0x000007fefacb7000 	C:\Windows\system32\MSIMG32.dll
0x000000006f8c0000 - 0x000000006f8f2000 	C:\Program Files\R\R-3.1.0\bin\x64\Rzlib.dll
0x000007fefbe80000 - 0x000007fefbe8c000 	C:\Windows\system32\VERSION.dll
0x000007fefb6a0000 - 0x000007fefb6f6000 	C:\Windows\system32\uxtheme.dll
0x000000006e5c0000 - 0x000000006e5e7000 	C:\Program Files\R\R-3.1.0\library\utils\libs\x64\utils.dll
0x0000000064a40000 - 0x0000000064a54000 	C:\Program Files\R\R-3.1.0\library\methods\libs\x64\methods.dll
0x000000006fc80000 - 0x000000006fcd1000 	C:\Program Files\R\R-3.1.0\library\grDevices\libs\x64\grDevices.dll
0x0000000063740000 - 0x0000000063787000 	C:\Program Files\R\R-3.1.0\library\graphics\libs\x64\graphics.dll
0x0000000071100000 - 0x00000000711a1000 	C:\Program Files\R\R-3.1.0\library\stats\libs\x64\stats.dll
0x00000000599b0000 - 0x0000000059c49000 	C:\Program Files\R\R-3.1.0\bin\x64\Rlapack.dll
0x0000000064080000 - 0x0000000064096000 	C:\Program Files\R\R-3.1.0\library\rJava\libs\x64\rJava.dll
0x000000006ec00000 - 0x000000006ec39000 	C:\Program Files\R\R-3.1.0\library\bnlearn\libs\x64\bnlearn.dll
0x000007fef7660000 - 0x000007fef7785000 	C:\Windows\system32\dbghelp.dll

VM Arguments:
jvm_args: -Dfile.encoding=Cp1252 
java_command: CGuideOwl
java_class_path (initial): C:\Users\Filipe\Desktop\Trabalho SI\Eclipse_Projets\CGuide\target\test-classes;C:\Users\Filipe\Desktop\Trabalho SI\Eclipse_Projets\CGuide\target\classes;C:\Users\Filipe\Desktop\Trabalho SI\Eclipse_Projets\CGuide\WebContent\WEB-INF\lib\javax.annotation.jar;C:\Users\Filipe\Desktop\Trabalho SI\Eclipse_Projets\CGuide\WebContent\WEB-INF\lib\javax.ejb.jar;C:\Users\Filipe\Desktop\Trabalho SI\Eclipse_Projets\CGuide\WebContent\WEB-INF\lib\javax.jms.jar;C:\Users\Filipe\Desktop\Trabalho SI\Eclipse_Projets\CGuide\WebContent\WEB-INF\lib\javax.persistence.jar;C:\Users\Filipe\Desktop\Trabalho SI\Eclipse_Projets\CGuide\WebContent\WEB-INF\lib\javax.resource.jar;C:\Users\Filipe\Desktop\Trabalho SI\Eclipse_Projets\CGuide\WebContent\WEB-INF\lib\javax.servlet.jar;C:\Users\Filipe\Desktop\Trabalho SI\Eclipse_Projets\CGuide\WebContent\WEB-INF\lib\javax.servlet.jsp.jar;C:\Users\Filipe\Desktop\Trabalho SI\Eclipse_Projets\CGuide\WebContent\WEB-INF\lib\javax.servlet.jsp.jstl.jar;C:\Users\Filipe\Desktop\Trabalho SI\Eclipse_Projets\CGuide\WebContent\WEB-INF\lib\javax.transaction.jar;C:\Users\Filipe\Desktop\Trabalho SI\Eclipse_Projets\CGuide\WebContent\WEB-INF\lib\mysql-connector-java-5.1.18-bin.jar;C:\Users\Filipe\Desktop\Trabalho SI\Eclipse_Projets\CGuide\WebContent\WEB-INF\lib\owlapi-api-3.4.3-sources.jar;C:\Users\Filipe\Desktop\Trabalho SI\Eclipse_Projets\CGuide\WebContent\WEB-INF\lib\owlapi-api-3.4.3.jar;C:\Users\Filipe\Desktop\Trabalho SI\Eclipse_Projets\CGuide\WebContent\WEB-INF\lib\owlapi-apibinding-3.4.3-sources.jar;C:\Users\Filipe\Desktop\Trabalho SI\Eclipse_Projets\CGuide\WebContent\WEB-INF\lib\owlapi-apibinding-3.4.3.jar;C:\Users\Filipe\Desktop\Trabalho SI\Eclipse_Projets\CGuide\WebContent\WEB-INF\lib\owlapi-contract-3.4.3-sources.jar;C:\Users\Filipe\Desktop\Trabalho SI\Eclipse_Projets\CGuide\WebContent\WEB-INF\lib\owlapi-contract-3.4.3.jar;C:\Users\Filipe\Desktop\Trabalho SI\Eclipse_Projets\CGuide\WebContent\WEB-INF\lib\owlapi-impl-3.4.3-sources.jar;C:\Us
Launcher Type: SUN_STANDARD

Environment Variables:
CLASSPATH=.;c:\jade\lib\jade.jar;
PATH=C:\Program Files (x86)\NVIDIA Corporation\PhysX\Common;C:\app\BD\product\11.2.0\dbhome_2\bin;C:\app\teste\product\11.2.0\dbhome_1\bin;C:\app\Filipe\product\11.2.0\client_1;C:\app\Filipe\product\11.2.0\client_1\bin;C:\Windows\system32;C:\Windows;C:\Windows\System32\Wbem;C:\Windows\System32\WindowsPowerShell\v1.0\;C:\Program Files\MiKTeX 2.9\miktex\bin\x64\;C:\Program Files\Microsoft\Web Platform Installer\;C:\Program Files (x86)\Microsoft ASP.NET\ASP.NET Web Pages\v1.0\;C:\Program Files (x86)\Windows Kits\8.0\Windows Performance Toolkit\;C:\Program Files\Microsoft SQL Server\110\Tools\Binn\;C:\Program Files (x86)\Common Files\Acronis\SnapAPI\;C:\Program Files\R\R-3.1.0\bin\x64;C:\Program Files\R\R-3.1.0\library\rJava\jri\x64;C:\Program Files\Java\jdk1.8.0_05\bin
USERNAME=Filipe
OS=Windows_NT
PROCESSOR_IDENTIFIER=Intel64 Family 6 Model 23 Stepping 10, GenuineIntel



---------------  S Y S T E M  ---------------

OS: Windows 7 , 64 bit Build 7601 Service Pack 1

CPU:total 2 (2 cores per cpu, 1 threads per core) family 6 model 23 stepping 10, cmov, cx8, fxsr, mmx, sse, sse2, sse3, ssse3, tsc

Memory: 4k page, physical 4189008k(1119652k free), swap 8376152k(4114564k free)

vm_info: Java HotSpot(TM) 64-Bit Server VM (25.5-b02) for windows-amd64 JRE (1.8.0_05-b13), built on Mar 18 2014 01:08:39 by "java_re" with MS VC++ 10.0 (VS2010)

time: Fri Jul 04 16:23:47 2014
elapsed time: 8 seconds

