#
# A fatal error has been detected by the Java Runtime Environment:
#
#  EXCEPTION_ACCESS_VIOLATION (0xc0000005) at pc=0x00000000770f8724, pid=4876, tid=4896
#
# JRE version: Java(TM) SE Runtime Environment (8.0_05-b13) (build 1.8.0_05-b13)
# Java VM: Java HotSpot(TM) 64-Bit Server VM (25.5-b02 mixed mode windows-amd64 compressed oops)
# Problematic frame:
# C  [ntdll.dll+0x18724]
#
# Failed to write core dump. Minidumps are not enabled by default on client versions of Windows
#
# If you would like to submit a bug report, please visit:
#   http://bugreport.sun.com/bugreport/crash.jsp
# The crash happened outside the Java Virtual Machine in native code.
# See problematic frame for where to report the bug.
#

---------------  T H R E A D  ---------------

Current thread (0x000000000212f000):  JavaThread "main" [_thread_in_native, id=4896, stack(0x00000000022f0000,0x00000000023f0000)]

siginfo: ExceptionCode=0xc0000005, reading address 0x0000000002e204ed

Registers:
RAX=0x00000000023de860, RBX=0x00000000023f0000, RCX=0x00000000023de900, RDX=0x0000000000000580
RSP=0x00000000023de5e0, RBP=0x00000000023de760, RSI=0x00000000023dece0, RDI=0x00000000026c017c
R8 =0x0000000000000000, R9 =0x00000000026c0000, R10=0x0000000000000000, R11=0x00000000023de860
R12=0x00000000023f46a0, R13=0x00000000580adf40, R14=0x0000000002e204ed, R15=0x00000000026c0170
RIP=0x00000000770f8724, EFLAGS=0x0000000000010246

Top of Stack: (sp=0x00000000023de5e0)
0x00000000023de5e0:   00000000023f0000 00000000023dece0
0x00000000023de5f0:   0000000000012f00 000000006c821ea9
0x00000000023de600:   0000000057e4d6f0 0000000002100788
0x00000000023de610:   0000000055795380 000000006c810fb3
0x00000000023de620:   0000000000000002 0000000000000000
0x00000000023de630:   00000000023dece0 00000000026c0000
0x00000000023de640:   00000000023efc00 0000000057e4e4c8
0x00000000023de650:   00000000026c0170 00000000023f0000
0x00000000023de660:   0000000071b87e64 00000000023ba000
0x00000000023de670:   00000000715c5311 0000000071490000
0x00000000023de680:   0000000071c56820 00000000023ef890
0x00000000023de690:   000000006c751b64 00000000023de760
0x00000000023de6a0:   0000000071a25c44 0000000071b87e64
0x00000000023de6b0:   0000000000000000 0000000000000000
0x00000000023de6c0:   41dfffffffc00000 0000000000000000
0x00000000023de6d0:   0000000000000000 0000000000000000 

Instructions: (pc=0x00000000770f8724)
0x00000000770f8704:   41 8b 7f 08 45 33 d2 49 03 f9 4c 89 54 24 48 f6
0x00000000770f8714:   47 03 0f 0f 85 3d 0c 00 00 4c 8b a5 98 00 00 00
0x00000000770f8724:   41 0f b6 0e 4c 89 64 24 60 49 8b d6 80 f9 48 0f
0x00000000770f8734:   84 e0 03 00 00 0f b6 c1 24 fe 3c 48 0f 84 a7 15 


Register to memory mapping:

RAX=0x00000000023de860 is pointing into the stack for thread: 0x000000000212f000
RBX=0x00000000023f0000 is pointing into the stack for thread: 0x000000000212f000
RCX=0x00000000023de900 is pointing into the stack for thread: 0x000000000212f000
RDX=0x0000000000000580 is an unknown value
RSP=0x00000000023de5e0 is pointing into the stack for thread: 0x000000000212f000
RBP=0x00000000023de760 is pointing into the stack for thread: 0x000000000212f000
RSI=0x00000000023dece0 is pointing into the stack for thread: 0x000000000212f000
RDI=0x00000000026c017c is at code_begin+28 in 
[CodeBlob (0x00000000026c0110)]
Framesize: 0
BufferBlob (0x00000000026c0110) used for CodeCache Exception Handler
R8 =0x0000000000000000 is an unknown value
R9 =0x00000000026c0000 is an unknown value
R10=0x0000000000000000 is an unknown value
R11=0x00000000023de860 is pointing into the stack for thread: 0x000000000212f000
R12=0x00000000023f46a0 is an unknown value
R13=0x00000000580adf40 is pointing into the stack for thread: 0x0000000056b67800
R14=0x0000000002e204ed is an unknown value
R15=0x00000000026c0170 is at code_begin+16 in 
[CodeBlob (0x00000000026c0110)]
Framesize: 0
BufferBlob (0x00000000026c0110) used for CodeCache Exception Handler


Stack: [0x00000000022f0000,0x00000000023f0000],  sp=0x00000000023de5e0,  free space=953k
Native frames: (J=compiled Java code, j=interpreted, Vv=VM code, C=native code)
C  [ntdll.dll+0x18724]
C  [msvcrt.dll+0xe5a3]
C  [R.dll+0x6575e]
C  [R.dll+0x64499]
C  [R.dll+0x6508c]
C  [R.dll+0xb27df]
C  [R.dll+0xb339e]
C  [R.dll+0xb466b]
C  [R.dll+0xb6f63]
C  [R.dll+0xb799c]
C  [jri.dll+0x1695]
C  0x00000000026d39ad

Java frames: (J=compiled Java code, j=interpreted, Vv=VM code)
j  org.rosuda.JRI.Rengine.rniParse(Ljava/lang/String;I)J+0
j  org.rosuda.JRI.Rengine.eval(Ljava/lang/String;Z)Lorg/rosuda/JRI/REXP;+53
j  org.rosuda.JRI.Rengine.eval(Ljava/lang/String;)Lorg/rosuda/JRI/REXP;+3
j  CGuideOwl.GerarBN(Ljava/lang/String;Ljava/util/ArrayList;)Ljava/lang/String;+137
j  CGuideOwl.main([Ljava/lang/String;)V+215
v  ~StubRoutines::call_stub

---------------  P R O C E S S  ---------------

Java Threads: ( => current thread )
  0x0000000056b67800 JavaThread "Thread-1" [_thread_blocked, id=4260, stack(0x0000000057fb0000,0x00000000580b0000)]
  0x0000000054c3f000 JavaThread "Service Thread" daemon [_thread_blocked, id=2088, stack(0x0000000056540000,0x0000000056640000)]
  0x0000000054c37000 JavaThread "C1 CompilerThread1" daemon [_thread_blocked, id=4952, stack(0x0000000055910000,0x0000000055a10000)]
  0x0000000054be8000 JavaThread "C2 CompilerThread0" daemon [_thread_blocked, id=604, stack(0x0000000055f80000,0x0000000056080000)]
  0x0000000054be5000 JavaThread "Attach Listener" daemon [_thread_blocked, id=2368, stack(0x0000000055e70000,0x0000000055f70000)]
  0x0000000054be3800 JavaThread "Signal Dispatcher" daemon [_thread_blocked, id=2316, stack(0x0000000055c20000,0x0000000055d20000)]
  0x0000000054b7f800 JavaThread "Finalizer" daemon [_thread_blocked, id=3668, stack(0x0000000055a40000,0x0000000055b40000)]
  0x0000000054b76800 JavaThread "Reference Handler" daemon [_thread_blocked, id=1144, stack(0x00000000557f0000,0x00000000558f0000)]
=>0x000000000212f000 JavaThread "main" [_thread_in_native, id=4896, stack(0x00000000022f0000,0x00000000023f0000)]

Other Threads:
  0x0000000054b72800 VMThread [stack: 0x0000000055680000,0x0000000055780000] [id=4580]
  0x00000000560a2800 WatcherThread [stack: 0x0000000055d50000,0x0000000055e50000] [id=2900]

VM state:not at safepoint (normal execution)

VM Mutex/Monitor currently owned by a thread: None

Heap:
 PSYoungGen      total 11776K, used 11443K [0x00000000eab00000, 0x00000000ebf00000, 0x0000000100000000)
  eden space 10752K, 97% used [0x00000000eab00000,0x00000000eb534f70,0x00000000eb580000)
  from space 1024K, 96% used [0x00000000eb580000,0x00000000eb678010,0x00000000eb680000)
  to   space 1536K, 0% used [0x00000000ebd80000,0x00000000ebd80000,0x00000000ebf00000)
 ParOldGen       total 64000K, used 2721K [0x00000000c0000000, 0x00000000c3e80000, 0x00000000eab00000)
  object space 64000K, 4% used [0x00000000c0000000,0x00000000c02a86c8,0x00000000c3e80000)
 Metaspace       used 8289K, capacity 8436K, committed 8704K, reserved 1056768K
  class space    used 1159K, capacity 1200K, committed 1280K, reserved 1048576K

Card table byte_map: [0x0000000011a80000,0x0000000011c90000] byte_map_base: 0x0000000011480000

Marking Bits: (ParMarkBitMap*) 0x0000000071c413b0
 Begin Bits: [0x0000000012040000, 0x0000000013040000)
 End Bits:   [0x0000000013040000, 0x0000000014040000)

Polling page: 0x0000000000330000

CodeCache: size=245760Kb used=4133Kb max_used=4163Kb free=241626Kb
 bounds [0x00000000026c0000, 0x0000000002ae0000, 0x00000000116c0000]
 total_blobs=1345 nmethods=1066 adapters=193
 compilation: enabled

Compilation events (10 events):
Event: 3.779 Thread 0x0000000054c37000 nmethod 1067% 0x0000000002ab1f10 code [0x0000000002ab20c0, 0x0000000002ab25a8]
Event: 3.780 Thread 0x0000000054c37000 1068       3       org.rosuda.JRI.Rengine::<init> (95 bytes)
Event: 3.780 Thread 0x0000000054c37000 nmethod 1068 0x0000000002ab27d0 code [0x0000000002ab2980, 0x0000000002ab2e28]
Event: 4.586 Thread 0x0000000054be8000 nmethod 898 0x0000000002abe550 code [0x0000000002abeea0, 0x0000000002ac7330]
Event: 4.587 Thread 0x0000000054be8000  962 %     4       sun.nio.cs.UTF_8$Decoder::decode @ 20 (759 bytes)
Event: 4.655 Thread 0x0000000054be8000 nmethod 962% 0x0000000002ab6d10 code [0x0000000002ab7040, 0x0000000002ab8640]
Event: 4.655 Thread 0x0000000054be8000 1069 %     4       org.rosuda.JRI.Rengine::<init> @ 74 (95 bytes)
Event: 4.657 Thread 0x0000000054be8000 nmethod 1069% 0x0000000002ab3d50 code [0x0000000002ab3ea0, 0x0000000002ab3f68]
Event: 4.657 Thread 0x0000000054be8000  899       4       org.semanticweb.owlapi.model.IRI::hashCode (42 bytes)
Event: 4.669 Thread 0x0000000054be8000 nmethod 899 0x0000000002ab36d0 code [0x0000000002ab3820, 0x0000000002ab3bd8]

GC Heap History (10 events):
Event: 1.235 GC heap before
{Heap before GC invocations=9 (full 0):
 PSYoungGen      total 5120K, used 4680K [0x00000000eab00000, 0x00000000eb100000, 0x0000000100000000)
  eden space 4096K, 100% used [0x00000000eab00000,0x00000000eaf00000,0x00000000eaf00000)
  from space 1024K, 57% used [0x00000000eb000000,0x00000000eb092100,0x00000000eb100000)
  to   space 1024K, 0% used [0x00000000eaf00000,0x00000000eaf00000,0x00000000eb000000)
 ParOldGen       total 64000K, used 930K [0x00000000c0000000, 0x00000000c3e80000, 0x00000000eab00000)
  object space 64000K, 1% used [0x00000000c0000000,0x00000000c00e8978,0x00000000c3e80000)
 Metaspace       used 4932K, capacity 5934K, committed 6016K, reserved 1056768K
  class space    used 611K, capacity 618K, committed 640K, reserved 1048576K
Event: 1.273 GC heap after
Heap after GC invocations=9 (full 0):
 PSYoungGen      total 5120K, used 876K [0x00000000eab00000, 0x00000000eb380000, 0x0000000100000000)
  eden space 4096K, 0% used [0x00000000eab00000,0x00000000eab00000,0x00000000eaf00000)
  from space 1024K, 85% used [0x00000000eaf00000,0x00000000eafdb0c8,0x00000000eb000000)
  to   space 1024K, 0% used [0x00000000eb280000,0x00000000eb280000,0x00000000eb380000)
 ParOldGen       total 64000K, used 970K [0x00000000c0000000, 0x00000000c3e80000, 0x00000000eab00000)
  object space 64000K, 1% used [0x00000000c0000000,0x00000000c00f2978,0x00000000c3e80000)
 Metaspace       used 4932K, capacity 5934K, committed 6016K, reserved 1056768K
  class space    used 611K, capacity 618K, committed 640K, reserved 1048576K
}
Event: 1.492 GC heap before
{Heap before GC invocations=10 (full 0):
 PSYoungGen      total 5120K, used 4972K [0x00000000eab00000, 0x00000000eb380000, 0x0000000100000000)
  eden space 4096K, 100% used [0x00000000eab00000,0x00000000eaf00000,0x00000000eaf00000)
  from space 1024K, 85% used [0x00000000eaf00000,0x00000000eafdb0c8,0x00000000eb000000)
  to   space 1024K, 0% used [0x00000000eb280000,0x00000000eb280000,0x00000000eb380000)
 ParOldGen       total 64000K, used 970K [0x00000000c0000000, 0x00000000c3e80000, 0x00000000eab00000)
  object space 64000K, 1% used [0x00000000c0000000,0x00000000c00f2978,0x00000000c3e80000)
 Metaspace       used 5333K, capacity 6228K, committed 6400K, reserved 1056768K
  class space    used 700K, capacity 720K, committed 768K, reserved 1048576K
Event: 1.496 GC heap after
Heap after GC invocations=10 (full 0):
 PSYoungGen      total 7680K, used 934K [0x00000000eab00000, 0x00000000eb380000, 0x0000000100000000)
  eden space 6656K, 0% used [0x00000000eab00000,0x00000000eab00000,0x00000000eb180000)
  from space 1024K, 91% used [0x00000000eb280000,0x00000000eb369900,0x00000000eb380000)
  to   space 1024K, 0% used [0x00000000eb180000,0x00000000eb180000,0x00000000eb280000)
 ParOldGen       total 64000K, used 1138K [0x00000000c0000000, 0x00000000c3e80000, 0x00000000eab00000)
  object space 64000K, 1% used [0x00000000c0000000,0x00000000c011c978,0x00000000c3e80000)
 Metaspace       used 5333K, capacity 6228K, committed 6400K, reserved 1056768K
  class space    used 700K, capacity 720K, committed 768K, reserved 1048576K
}
Event: 1.813 GC heap before
{Heap before GC invocations=11 (full 0):
 PSYoungGen      total 7680K, used 7590K [0x00000000eab00000, 0x00000000eb380000, 0x0000000100000000)
  eden space 6656K, 100% used [0x00000000eab00000,0x00000000eb180000,0x00000000eb180000)
  from space 1024K, 91% used [0x00000000eb280000,0x00000000eb369900,0x00000000eb380000)
  to   space 1024K, 0% used [0x00000000eb180000,0x00000000eb180000,0x00000000eb280000)
 ParOldGen       total 64000K, used 1138K [0x00000000c0000000, 0x00000000c3e80000, 0x00000000eab00000)
  object space 64000K, 1% used [0x00000000c0000000,0x00000000c011c978,0x00000000c3e80000)
 Metaspace       used 6392K, capacity 6772K, committed 7040K, reserved 1056768K
  class space    used 850K, capacity 880K, committed 896K, reserved 1048576K
Event: 1.845 GC heap after
Heap after GC invocations=11 (full 0):
 PSYoungGen      total 7680K, used 848K [0x00000000eab00000, 0x00000000eb780000, 0x0000000100000000)
  eden space 6656K, 0% used [0x00000000eab00000,0x00000000eab00000,0x00000000eb180000)
  from space 1024K, 82% used [0x00000000eb180000,0x00000000eb254158,0x00000000eb280000)
  to   space 1024K, 0% used [0x00000000eb680000,0x00000000eb680000,0x00000000eb780000)
 ParOldGen       total 64000K, used 1534K [0x00000000c0000000, 0x00000000c3e80000, 0x00000000eab00000)
  object space 64000K, 2% used [0x00000000c0000000,0x00000000c017f988,0x00000000c3e80000)
 Metaspace       used 6392K, capacity 6772K, committed 7040K, reserved 1056768K
  class space    used 850K, capacity 880K, committed 896K, reserved 1048576K
}
Event: 2.010 GC heap before
{Heap before GC invocations=12 (full 0):
 PSYoungGen      total 7680K, used 7504K [0x00000000eab00000, 0x00000000eb780000, 0x0000000100000000)
  eden space 6656K, 100% used [0x00000000eab00000,0x00000000eb180000,0x00000000eb180000)
  from space 1024K, 82% used [0x00000000eb180000,0x00000000eb254158,0x00000000eb280000)
  to   space 1024K, 0% used [0x00000000eb680000,0x00000000eb680000,0x00000000eb780000)
 ParOldGen       total 64000K, used 1534K [0x00000000c0000000, 0x00000000c3e80000, 0x00000000eab00000)
  object space 64000K, 2% used [0x00000000c0000000,0x00000000c017f988,0x00000000c3e80000)
 Metaspace       used 6816K, capacity 7220K, committed 7424K, reserved 1056768K
  class space    used 910K, capacity 944K, committed 1024K, reserved 1048576K
Event: 2.012 GC heap after
Heap after GC invocations=12 (full 0):
 PSYoungGen      total 11776K, used 424K [0x00000000eab00000, 0x00000000eb780000, 0x0000000100000000)
  eden space 10752K, 0% used [0x00000000eab00000,0x00000000eab00000,0x00000000eb580000)
  from space 1024K, 41% used [0x00000000eb680000,0x00000000eb6ea140,0x00000000eb780000)
  to   space 1024K, 0% used [0x00000000eb580000,0x00000000eb580000,0x00000000eb680000)
 ParOldGen       total 64000K, used 1878K [0x00000000c0000000, 0x00000000c3e80000, 0x00000000eab00000)
  object space 64000K, 2% used [0x00000000c0000000,0x00000000c01d59b8,0x00000000c3e80000)
 Metaspace       used 6816K, capacity 7220K, committed 7424K, reserved 1056768K
  class space    used 910K, capacity 944K, committed 1024K, reserved 1048576K
}
Event: 2.845 GC heap before
{Heap before GC invocations=13 (full 0):
 PSYoungGen      total 11776K, used 11176K [0x00000000eab00000, 0x00000000eb780000, 0x0000000100000000)
  eden space 10752K, 100% used [0x00000000eab00000,0x00000000eb580000,0x00000000eb580000)
  from space 1024K, 41% used [0x00000000eb680000,0x00000000eb6ea140,0x00000000eb780000)
  to   space 1024K, 0% used [0x00000000eb580000,0x00000000eb580000,0x00000000eb680000)
 ParOldGen       total 64000K, used 1878K [0x00000000c0000000, 0x00000000c3e80000, 0x00000000eab00000)
  object space 64000K, 2% used [0x00000000c0000000,0x00000000c01d59b8,0x00000000c3e80000)
 Metaspace       used 7756K, capacity 8084K, committed 8320K, reserved 1056768K
  class space    used 1088K, capacity 1104K, committed 1152K, reserved 1048576K
Event: 2.854 GC heap after
Heap after GC invocations=13 (full 0):
 PSYoungGen      total 11776K, used 992K [0x00000000eab00000, 0x00000000ebf00000, 0x0000000100000000)
  eden space 10752K, 0% used [0x00000000eab00000,0x00000000eab00000,0x00000000eb580000)
  from space 1024K, 96% used [0x00000000eb580000,0x00000000eb678010,0x00000000eb680000)
  to   space 1536K, 0% used [0x00000000ebd80000,0x00000000ebd80000,0x00000000ebf00000)
 ParOldGen       total 64000K, used 2721K [0x00000000c0000000, 0x00000000c3e80000, 0x00000000eab00000)
  object space 64000K, 4% used [0x00000000c0000000,0x00000000c02a86c8,0x00000000c3e80000)
 Metaspace       used 7756K, capacity 8084K, committed 8320K, reserved 1056768K
  class space    used 1088K, capacity 1104K, committed 1152K, reserved 1048576K
}

Deoptimization events (7 events):
Event: 1.630 Thread 0x000000000212f000 Uncommon trap: reason=unreached action=reinterpret pc=0x0000000002926e40 method=java.lang.AbstractStringBuilder.append(Ljava/lang/String;)Ljava/lang/AbstractStringBuilder; @ 1
Event: 1.631 Thread 0x000000000212f000 Uncommon trap: reason=unreached action=reinterpret pc=0x00000000028956b4 method=java.lang.AbstractStringBuilder.append(Ljava/lang/String;)Ljava/lang/AbstractStringBuilder; @ 1
Event: 2.609 Thread 0x000000000212f000 Uncommon trap: reason=bimorphic action=maybe_recompile pc=0x0000000002a0ba54 method=org.coode.owlapi.owlxmlparser.OWLXMLParserHandler.characters([CII)V @ 29
Event: 2.609 Thread 0x000000000212f000 Uncommon trap: reason=bimorphic action=maybe_recompile pc=0x0000000002a0ba54 method=org.coode.owlapi.owlxmlparser.OWLXMLParserHandler.characters([CII)V @ 29
Event: 2.609 Thread 0x000000000212f000 Uncommon trap: reason=bimorphic action=maybe_recompile pc=0x0000000002a0ba54 method=org.coode.owlapi.owlxmlparser.OWLXMLParserHandler.characters([CII)V @ 29
Event: 2.609 Thread 0x000000000212f000 Uncommon trap: reason=bimorphic action=maybe_recompile pc=0x0000000002a0ba54 method=org.coode.owlapi.owlxmlparser.OWLXMLParserHandler.characters([CII)V @ 29
Event: 3.609 Thread 0x000000000212f000 Uncommon trap: reason=unreached action=reinterpret pc=0x0000000002a3e5e8 method=org.apache.xerces.util.XMLAttributesImpl.getPrefix(I)Ljava/lang/String; @ 28

Internal exceptions (10 events):
Event: 3.608 Thread 0x000000000212f000 Exception <a 'java/security/PrivilegedActionException'> (0x00000000eb415258) thrown at [D:\re\workspace\8-2-build-windows-amd64-cygwin\jdk8u5\2488\hotspot\src\share\vm\prims\jvm.cpp, line 1248]
Event: 3.610 Thread 0x000000000212f000 Exception <a 'java/security/PrivilegedActionException'> (0x00000000eb41c4e8) thrown at [D:\re\workspace\8-2-build-windows-amd64-cygwin\jdk8u5\2488\hotspot\src\share\vm\prims\jvm.cpp, line 1248]
Event: 3.620 Thread 0x000000000212f000 Exception <a 'java/security/PrivilegedActionException'> (0x00000000eb44f5b0) thrown at [D:\re\workspace\8-2-build-windows-amd64-cygwin\jdk8u5\2488\hotspot\src\share\vm\prims\jvm.cpp, line 1248]
Event: 3.621 Thread 0x000000000212f000 Exception <a 'java/security/PrivilegedActionException'> (0x00000000eb454e80) thrown at [D:\re\workspace\8-2-build-windows-amd64-cygwin\jdk8u5\2488\hotspot\src\share\vm\prims\jvm.cpp, line 1248]
Event: 3.626 Thread 0x000000000212f000 Exception <a 'java/security/PrivilegedActionException'> (0x00000000eb4604d8) thrown at [D:\re\workspace\8-2-build-windows-amd64-cygwin\jdk8u5\2488\hotspot\src\share\vm\prims\jvm.cpp, line 1248]
Event: 3.656 Thread 0x000000000212f000 Exception <a 'java/security/PrivilegedActionException'> (0x00000000eb4c9640) thrown at [D:\re\workspace\8-2-build-windows-amd64-cygwin\jdk8u5\2488\hotspot\src\share\vm\prims\jvm.cpp, line 1248]
Event: 3.672 Thread 0x000000000212f000 Exception <a 'java/security/PrivilegedActionException'> (0x00000000eb4ee0b8) thrown at [D:\re\workspace\8-2-build-windows-amd64-cygwin\jdk8u5\2488\hotspot\src\share\vm\prims\jvm.cpp, line 1248]
Event: 3.687 Thread 0x000000000212f000 Exception <a 'java/security/PrivilegedActionException'> (0x00000000eb4fd928) thrown at [D:\re\workspace\8-2-build-windows-amd64-cygwin\jdk8u5\2488\hotspot\src\share\vm\prims\jvm.cpp, line 1248]
Event: 3.688 Thread 0x000000000212f000 Exception <a 'java/security/PrivilegedActionException'> (0x00000000eb4ff8d8) thrown at [D:\re\workspace\8-2-build-windows-amd64-cygwin\jdk8u5\2488\hotspot\src\share\vm\prims\jvm.cpp, line 1248]
Event: 7.167 Thread 0x000000000212f000 Exception <a 'java/security/PrivilegedActionException'> (0x00000000eb508478) thrown at [D:\re\workspace\8-2-build-windows-amd64-cygwin\jdk8u5\2488\hotspot\src\share\vm\prims\jvm.cpp, line 1248]

Events (10 events):
Event: 5.597 loading class sun/nio/fs/WindowsPathParser$Result
Event: 5.597 loading class sun/nio/fs/WindowsPathParser$Result done
Event: 5.597 loading class sun/nio/fs/Util
Event: 5.597 loading class sun/nio/fs/Util done
Event: 5.598 loading class sun/nio/fs/WindowsPath
Event: 5.598 loading class sun/nio/fs/AbstractPath
Event: 5.598 loading class sun/nio/fs/AbstractPath done
Event: 5.598 loading class sun/nio/fs/WindowsPath done
Event: 7.167 loading class org/rosuda/JRI/REXP
Event: 7.167 loading class org/rosuda/JRI/REXP done


Dynamic libraries:
0x000000013f870000 - 0x000000013f8a4000 	C:\Program Files\Java\jre8\bin\javaw.exe
0x00000000770e0000 - 0x0000000077289000 	C:\Windows\SYSTEM32\ntdll.dll
0x0000000076fc0000 - 0x00000000770df000 	C:\Windows\system32\kernel32.dll
0x000007fefd250000 - 0x000007fefd2bb000 	C:\Windows\system32\KERNELBASE.dll
0x000007feff0d0000 - 0x000007feff1ab000 	C:\Windows\system32\ADVAPI32.dll
0x000007fefdd80000 - 0x000007fefde1f000 	C:\Windows\system32\msvcrt.dll
0x000007fefd9c0000 - 0x000007fefd9df000 	C:\Windows\SYSTEM32\sechost.dll
0x000007feff1b0000 - 0x000007feff2dd000 	C:\Windows\system32\RPCRT4.dll
0x0000000076ec0000 - 0x0000000076fba000 	C:\Windows\system32\USER32.dll
0x000007feff2e0000 - 0x000007feff347000 	C:\Windows\system32\GDI32.dll
0x000007fefd930000 - 0x000007fefd93e000 	C:\Windows\system32\LPK.dll
0x000007fefdc80000 - 0x000007fefdd49000 	C:\Windows\system32\USP10.dll
0x000007fefb880000 - 0x000007fefba74000 	C:\Windows\WinSxS\amd64_microsoft.windows.common-controls_6595b64144ccf1df_6.0.7601.17514_none_fa396087175ac9ac\COMCTL32.dll
0x000007fefebb0000 - 0x000007fefec21000 	C:\Windows\system32\SHLWAPI.dll
0x000007fefdd50000 - 0x000007fefdd7e000 	C:\Windows\system32\IMM32.DLL
0x000007fefdac0000 - 0x000007fefdbc9000 	C:\Windows\system32\MSCTF.dll
0x00000000742b0000 - 0x0000000074382000 	C:\Program Files\Java\jre8\bin\msvcr100.dll
0x0000000071490000 - 0x0000000071cba000 	C:\Program Files\Java\jre8\bin\server\jvm.dll
0x000007feef020000 - 0x000007feef029000 	C:\Windows\system32\WSOCK32.dll
0x000007fefdc30000 - 0x000007fefdc7d000 	C:\Windows\system32\WS2_32.dll
0x000007fefd920000 - 0x000007fefd928000 	C:\Windows\system32\NSI.dll
0x000007fefa880000 - 0x000007fefa8bb000 	C:\Windows\system32\WINMM.dll
0x00000000772b0000 - 0x00000000772b7000 	C:\Windows\system32\PSAPI.DLL
0x00000000742a0000 - 0x00000000742af000 	C:\Program Files\Java\jre8\bin\verify.dll
0x0000000074270000 - 0x0000000074298000 	C:\Program Files\Java\jre8\bin\java.dll
0x00000000740c0000 - 0x00000000740d6000 	C:\Program Files\Java\jre8\bin\zip.dll
0x000007fefde20000 - 0x000007fefeba8000 	C:\Windows\system32\SHELL32.dll
0x000007fefec30000 - 0x000007fefee33000 	C:\Windows\system32\ole32.dll
0x000007fefcec0000 - 0x000007fefcecf000 	C:\Windows\system32\profapi.dll
0x0000000062d80000 - 0x0000000062da6000 	C:\Program Files\R\R-3.1.0\library\rJava\jri\x64\jri.dll
0x000000006c700000 - 0x000000006cae1000 	C:\Program Files\R\R-3.1.0\bin\x64\R.dll
0x0000000064e80000 - 0x0000000064eda000 	C:\Program Files\R\R-3.1.0\bin\x64\Rblas.dll
0x00000000641c0000 - 0x00000000641e5000 	C:\Program Files\R\R-3.1.0\bin\x64\Riconv.dll
0x0000000063540000 - 0x00000000635b0000 	C:\Program Files\R\R-3.1.0\bin\x64\Rgraphapp.dll
0x000007feff350000 - 0x000007feff3e7000 	C:\Windows\system32\comdlg32.dll
0x000007fefacb0000 - 0x000007fefacb7000 	C:\Windows\system32\MSIMG32.dll
0x000000006f8c0000 - 0x000000006f8f2000 	C:\Program Files\R\R-3.1.0\bin\x64\Rzlib.dll
0x000007fefbe80000 - 0x000007fefbe8c000 	C:\Windows\system32\VERSION.dll
0x000007fefb6a0000 - 0x000007fefb6f6000 	C:\Windows\system32\uxtheme.dll
0x000000006e5c0000 - 0x000000006e5e7000 	C:\Program Files\R\R-3.1.0\library\utils\libs\x64\utils.dll
0x0000000064a40000 - 0x0000000064a54000 	C:\Program Files\R\R-3.1.0\library\methods\libs\x64\methods.dll
0x000000006fc80000 - 0x000000006fcd1000 	C:\Program Files\R\R-3.1.0\library\grDevices\libs\x64\grDevices.dll
0x0000000063740000 - 0x0000000063787000 	C:\Program Files\R\R-3.1.0\library\graphics\libs\x64\graphics.dll
0x0000000071100000 - 0x00000000711a1000 	C:\Program Files\R\R-3.1.0\library\stats\libs\x64\stats.dll
0x00000000599c0000 - 0x0000000059c59000 	C:\Program Files\R\R-3.1.0\bin\x64\Rlapack.dll
0x0000000064080000 - 0x0000000064096000 	C:\Program Files\R\R-3.1.0\library\rJava\libs\x64\rJava.dll
0x000000006ec00000 - 0x000000006ec39000 	C:\Program Files\R\R-3.1.0\library\bnlearn\libs\x64\bnlearn.dll
0x000007fef7660000 - 0x000007fef7785000 	C:\Windows\system32\dbghelp.dll

VM Arguments:
jvm_args: -Dfile.encoding=Cp1252 
java_command: CGuideOwl
java_class_path (initial): C:\Users\Filipe\Desktop\Trabalho SI\Eclipse_Projets\CGuide\target\test-classes;C:\Users\Filipe\Desktop\Trabalho SI\Eclipse_Projets\CGuide\target\classes;C:\Users\Filipe\Desktop\Trabalho SI\Eclipse_Projets\CGuide\WebContent\WEB-INF\lib\javax.annotation.jar;C:\Users\Filipe\Desktop\Trabalho SI\Eclipse_Projets\CGuide\WebContent\WEB-INF\lib\javax.ejb.jar;C:\Users\Filipe\Desktop\Trabalho SI\Eclipse_Projets\CGuide\WebContent\WEB-INF\lib\javax.jms.jar;C:\Users\Filipe\Desktop\Trabalho SI\Eclipse_Projets\CGuide\WebContent\WEB-INF\lib\javax.persistence.jar;C:\Users\Filipe\Desktop\Trabalho SI\Eclipse_Projets\CGuide\WebContent\WEB-INF\lib\javax.resource.jar;C:\Users\Filipe\Desktop\Trabalho SI\Eclipse_Projets\CGuide\WebContent\WEB-INF\lib\javax.servlet.jar;C:\Users\Filipe\Desktop\Trabalho SI\Eclipse_Projets\CGuide\WebContent\WEB-INF\lib\javax.servlet.jsp.jar;C:\Users\Filipe\Desktop\Trabalho SI\Eclipse_Projets\CGuide\WebContent\WEB-INF\lib\javax.servlet.jsp.jstl.jar;C:\Users\Filipe\Desktop\Trabalho SI\Eclipse_Projets\CGuide\WebContent\WEB-INF\lib\javax.transaction.jar;C:\Users\Filipe\Desktop\Trabalho SI\Eclipse_Projets\CGuide\WebContent\WEB-INF\lib\mysql-connector-java-5.1.18-bin.jar;C:\Users\Filipe\Desktop\Trabalho SI\Eclipse_Projets\CGuide\WebContent\WEB-INF\lib\owlapi-api-3.4.3-sources.jar;C:\Users\Filipe\Desktop\Trabalho SI\Eclipse_Projets\CGuide\WebContent\WEB-INF\lib\owlapi-api-3.4.3.jar;C:\Users\Filipe\Desktop\Trabalho SI\Eclipse_Projets\CGuide\WebContent\WEB-INF\lib\owlapi-apibinding-3.4.3-sources.jar;C:\Users\Filipe\Desktop\Trabalho SI\Eclipse_Projets\CGuide\WebContent\WEB-INF\lib\owlapi-apibinding-3.4.3.jar;C:\Users\Filipe\Desktop\Trabalho SI\Eclipse_Projets\CGuide\WebContent\WEB-INF\lib\owlapi-contract-3.4.3-sources.jar;C:\Users\Filipe\Desktop\Trabalho SI\Eclipse_Projets\CGuide\WebContent\WEB-INF\lib\owlapi-contract-3.4.3.jar;C:\Users\Filipe\Desktop\Trabalho SI\Eclipse_Projets\CGuide\WebContent\WEB-INF\lib\owlapi-impl-3.4.3-sources.jar;C:\Us
Launcher Type: SUN_STANDARD

Environment Variables:
CLASSPATH=.;c:\jade\lib\jade.jar;
PATH=C:\Program Files (x86)\NVIDIA Corporation\PhysX\Common;C:\app\BD\product\11.2.0\dbhome_2\bin;C:\app\teste\product\11.2.0\dbhome_1\bin;C:\app\Filipe\product\11.2.0\client_1;C:\app\Filipe\product\11.2.0\client_1\bin;C:\Windows\system32;C:\Windows;C:\Windows\System32\Wbem;C:\Windows\System32\WindowsPowerShell\v1.0\;C:\Program Files\MiKTeX 2.9\miktex\bin\x64\;C:\Program Files\Microsoft\Web Platform Installer\;C:\Program Files (x86)\Microsoft ASP.NET\ASP.NET Web Pages\v1.0\;C:\Program Files (x86)\Windows Kits\8.0\Windows Performance Toolkit\;C:\Program Files\Microsoft SQL Server\110\Tools\Binn\;C:\Program Files (x86)\Common Files\Acronis\SnapAPI\;C:\Program Files\R\R-3.1.0\bin\x64;C:\Program Files\R\R-3.1.0\library\rJava\jri\x64;C:\Program Files\Java\jdk1.8.0_05\bin
USERNAME=Filipe
OS=Windows_NT
PROCESSOR_IDENTIFIER=Intel64 Family 6 Model 23 Stepping 10, GenuineIntel



---------------  S Y S T E M  ---------------

OS: Windows 7 , 64 bit Build 7601 Service Pack 1

CPU:total 2 (2 cores per cpu, 1 threads per core) family 6 model 23 stepping 10, cmov, cx8, fxsr, mmx, sse, sse2, sse3, ssse3, tsc

Memory: 4k page, physical 4189008k(1020388k free), swap 8376152k(3884140k free)

vm_info: Java HotSpot(TM) 64-Bit Server VM (25.5-b02) for windows-amd64 JRE (1.8.0_05-b13), built on Mar 18 2014 01:08:39 by "java_re" with MS VC++ 10.0 (VS2010)

time: Fri Jul 04 16:29:30 2014
elapsed time: 7 seconds

