#
# A fatal error has been detected by the Java Runtime Environment:
#
#  EXCEPTION_ACCESS_VIOLATION (0xc0000005) at pc=0x00007ffc5f487f93, pid=3376, tid=5440
#
# JRE version: Java(TM) SE Runtime Environment (7.0_45-b18) (build 1.7.0_45-b18)
# Java VM: Java HotSpot(TM) 64-Bit Server VM (24.45-b08 mixed mode windows-amd64 compressed oops)
# Problematic frame:
# C  [ntdll.dll+0xb7f93]
#
# Failed to write core dump. Minidumps are not enabled by default on client versions of Windows
#
# If you would like to submit a bug report, please visit:
#   http://bugreport.sun.com/bugreport/crash.jsp
# The crash happened outside the Java Virtual Machine in native code.
# See problematic frame for where to report the bug.
#

---------------  T H R E A D  ---------------

Current thread (0x0000000002160800):  JavaThread "main" [_thread_in_native, id=5440, stack(0x0000000000910000,0x0000000000a10000)]

siginfo: ExceptionCode=0xc0000005, reading address 0x0000000000a11000

Registers:
RAX=0x0000000000000000, RBX=0x0000000000000000, RCX=0x0000000000a11000, RDX=0x0000000000000011
RSP=0x00000000009fe870, RBP=0x00000000009fe970, RSI=0x0000000000a0fd10, RDI=0x00000000009fefb0
R8 =0x0000000000000000, R9 =0x000000000c4aded0, R10=0x0000000000000000, R11=0x00000000009fe7c0
R12=0x00000000009fef80, R13=0x00000000009fea30, R14=0x0000000000000000, R15=0x0000000000000000
RIP=0x00007ffc5f487f93, EFLAGS=0x0000000000010246

Top of Stack: (sp=0x00000000009fe870)
0x00000000009fe870:   0000000000000000 0000000000a0fd10
0x00000000009fe880:   0000000000000000 0000000000000000
0x00000000009fe890:   0000000000000000 0000000000000000
0x00000000009fe8a0:   0000000000000000 0000000000000000
0x00000000009fe8b0:   0000000000000002 0000000000a0fd10
0x00000000009fe8c0:   0000000000000000 0000000062f22b30
0x00000000009fe8d0:   0000000000000000 0000000000000000
0x00000000009fe8e0:   00007ffc5f3d0000 00000000009fea30
0x00000000009fe8f0:   0000000000a0fd10 0000000000000000
0x00000000009fe900:   000000000c4aded0 00000000009fef80
0x00000000009fe910:   0000000000a10000 0000000000000001
0x00000000009fe920:   00000000009f7000 000000006c74d5be
0x00000000009fe930:   00000000009fefb0 0000000000000000
0x00000000009fe940:   00000000629a75a5 0000000062880000
0x00000000009fe950:   0000000062fe7eb4 0000000000a0f9c0
0x00000000009fe960:   000000006c74d5be 00000000009fefb0 

Instructions: (pc=0x00007ffc5f487f93)
0x00007ffc5f487f73:   c9 49 8b 00 48 89 84 cf a0 01 00 00 49 8b 40 08
0x00007ffc5f487f83:   e9 23 30 f9 ff 49 8b 8d 98 00 00 00 4c 8b 4d 90
0x00007ffc5f487f93:   48 8b 01 49 89 85 f8 00 00 00 48 8d 41 08 49 89
0x00007ffc5f487fa3:   85 98 00 00 00 e9 30 2e f9 ff 49 3b f1 0f 84 48 


Register to memory mapping:

RAX=0x0000000000000000 is an unknown value
RBX=0x0000000000000000 is an unknown value
RCX=0x0000000000a11000 is an unknown value
RDX=0x0000000000000011 is an unknown value
RSP=0x00000000009fe870 is pointing into the stack for thread: 0x0000000002160800
RBP=0x00000000009fe970 is pointing into the stack for thread: 0x0000000002160800
RSI=0x0000000000a0fd10 is pointing into the stack for thread: 0x0000000002160800
RDI=0x00000000009fefb0 is pointing into the stack for thread: 0x0000000002160800
R8 =0x0000000000000000 is an unknown value
R9 =0x000000000c4aded0 is pointing into the stack for thread: 0x000000000a65b800
R10=0x0000000000000000 is an unknown value
R11=0x00000000009fe7c0 is pointing into the stack for thread: 0x0000000002160800
R12=0x00000000009fef80 is pointing into the stack for thread: 0x0000000002160800
R13=0x00000000009fea30 is pointing into the stack for thread: 0x0000000002160800
R14=0x0000000000000000 is an unknown value
R15=0x0000000000000000 is an unknown value


Stack: [0x0000000000910000,0x0000000000a10000],  sp=0x00000000009fe870,  free space=954k
Native frames: (J=compiled Java code, j=interpreted, Vv=VM code, C=native code)
C  [ntdll.dll+0xb7f93]

Java frames: (J=compiled Java code, j=interpreted, Vv=VM code)
j  org.rosuda.JRI.Rengine.rniParse(Ljava/lang/String;I)J+0
j  org.rosuda.JRI.Rengine.eval(Ljava/lang/String;Z)Lorg/rosuda/JRI/REXP;+53
j  org.rosuda.JRI.Rengine.eval(Ljava/lang/String;)Lorg/rosuda/JRI/REXP;+3
j  bayesian.network.learning.ConstructNetwork.main([Ljava/lang/String;)V+14
v  ~StubRoutines::call_stub

---------------  P R O C E S S  ---------------

Java Threads: ( => current thread )
  0x000000000a65b800 JavaThread "Thread-0" [_thread_blocked, id=4412, stack(0x000000000c3b0000,0x000000000c4b0000)]
  0x000000000a612000 JavaThread "Service Thread" daemon [_thread_blocked, id=5468, stack(0x000000000bd80000,0x000000000be80000)]
  0x000000000a60e800 JavaThread "C2 CompilerThread1" daemon [_thread_blocked, id=3804, stack(0x000000000bc80000,0x000000000bd80000)]
  0x000000000a603000 JavaThread "C2 CompilerThread0" daemon [_thread_blocked, id=5064, stack(0x000000000bb80000,0x000000000bc80000)]
  0x000000000a602000 JavaThread "Attach Listener" daemon [_thread_blocked, id=212, stack(0x000000000ba80000,0x000000000bb80000)]
  0x000000000a5fe800 JavaThread "Signal Dispatcher" daemon [_thread_blocked, id=3736, stack(0x000000000b980000,0x000000000ba80000)]
  0x000000000a5ca800 JavaThread "Finalizer" daemon [_thread_blocked, id=5300, stack(0x000000000b880000,0x000000000b980000)]
  0x000000000a5c1000 JavaThread "Reference Handler" daemon [_thread_blocked, id=5784, stack(0x000000000b780000,0x000000000b880000)]
=>0x0000000002160800 JavaThread "main" [_thread_in_native, id=5440, stack(0x0000000000910000,0x0000000000a10000)]

Other Threads:
  0x000000000a5bf800 VMThread [stack: 0x000000000b680000,0x000000000b780000] [id=6200]
  0x000000000a636000 WatcherThread [stack: 0x000000000be80000,0x000000000bf80000] [id=7216]

VM state:not at safepoint (normal execution)

VM Mutex/Monitor currently owned by a thread: None

Heap
 PSYoungGen      total 38400K, used 1331K [0x00000007d5e80000, 0x00000007d8900000, 0x0000000800000000)
  eden space 33280K, 4% used [0x00000007d5e80000,0x00000007d5fccd48,0x00000007d7f00000)
  from space 5120K, 0% used [0x00000007d8400000,0x00000007d8400000,0x00000007d8900000)
  to   space 5120K, 0% used [0x00000007d7f00000,0x00000007d7f00000,0x00000007d8400000)
 ParOldGen       total 86016K, used 0K [0x0000000781c00000, 0x0000000787000000, 0x00000007d5e80000)
  object space 86016K, 0% used [0x0000000781c00000,0x0000000781c00000,0x0000000787000000)
 PSPermGen       total 21504K, used 2641K [0x000000077ca00000, 0x000000077df00000, 0x0000000781c00000)
  object space 21504K, 12% used [0x000000077ca00000,0x000000077cc94760,0x000000077df00000)

Card table byte_map: [0x0000000005380000,0x00000000057a0000] byte_map_base: 0x000000000179b000

Polling page: 0x0000000000a10000

Code Cache  [0x00000000022c0000, 0x0000000002530000, 0x00000000052c0000)
 total_blobs=187 nmethods=2 adapters=138 free_code_cache=48766Kb largest_free_block=49919808

Compilation events (2 events):
Event: 0.128 Thread 0x000000000a60e800    2 %           org.rosuda.JRI.Rengine::<init> @ 74 (95 bytes)
Event: 0.135 Thread 0x000000000a60e800 nmethod 2% 0x0000000002321510 code [0x0000000002321660, 0x0000000002321728]

GC Heap History (0 events):
No events

Deoptimization events (0 events):
No events

Internal exceptions (5 events):
Event: 0.027 Thread 0x0000000002160800 Threw 0x00000007d5e8ba10 at C:\re\jdk7u45\229\hotspot\src\share\vm\prims\jni.cpp:3991
Event: 0.090 Thread 0x0000000002160800 Threw 0x00000007d5ece370 at C:\re\jdk7u45\229\hotspot\src\share\vm\prims\jvm.cpp:1244
Event: 0.099 Thread 0x0000000002160800 Threw 0x00000007d5ed51e0 at C:\re\jdk7u45\229\hotspot\src\share\vm\prims\jvm.cpp:1244
Event: 0.119 Thread 0x0000000002160800 Threw 0x00000007d5ef28f8 at C:\re\jdk7u45\229\hotspot\src\share\vm\prims\jvm.cpp:1244
Event: 0.126 Thread 0x0000000002160800 Threw 0x00000007d5ef8100 at C:\re\jdk7u45\229\hotspot\src\share\vm\prims\jvm.cpp:1244

Events (10 events):
Event: 0.112 loading class 0x00000000021a68b0 done
Event: 0.112 loading class 0x00000000021a6e20
Event: 0.112 loading class 0x00000000021a6e20 done
Event: 0.113 loading class 0x00000000021b23a0
Event: 0.113 loading class 0x00000000021b23a0 done
Event: 0.119 loading class 0x000000000a66b970
Event: 0.119 loading class 0x000000000a66b970 done
Event: 0.120 Thread 0x000000000a65b800 Thread added: 0x000000000a65b800
Event: 0.126 loading class 0x000000000a612f10
Event: 0.126 loading class 0x000000000a612f10 done


Dynamic libraries:
0x00007ff6a3af0000 - 0x00007ff6a3b23000 	C:\Program Files\Java\jre7\bin\javaw.exe
0x00007ffc5f3d0000 - 0x00007ffc5f57a000 	C:\WINDOWS\SYSTEM32\ntdll.dll
0x00007ffc5d7b0000 - 0x00007ffc5d8ea000 	C:\WINDOWS\system32\KERNEL32.DLL
0x00007ffc5ca90000 - 0x00007ffc5cb9f000 	C:\WINDOWS\system32\KERNELBASE.dll
0x00007ffc5b370000 - 0x00007ffc5b3f8000 	C:\WINDOWS\system32\apphelp.dll
0x00007ffc51b50000 - 0x00007ffc51b9f000 	C:\WINDOWS\AppPatch\AppPatch64\AcGenral.DLL
0x00007ffc5d3f0000 - 0x00007ffc5d497000 	C:\WINDOWS\system32\msvcrt.dll
0x00007ffc5c570000 - 0x00007ffc5c59b000 	C:\WINDOWS\SYSTEM32\SspiCli.dll
0x00007ffc5f280000 - 0x00007ffc5f2d1000 	C:\WINDOWS\system32\SHLWAPI.dll
0x00007ffc5cc50000 - 0x00007ffc5cdc1000 	C:\WINDOWS\system32\USER32.dll
0x00007ffc5cdd0000 - 0x00007ffc5cf48000 	C:\WINDOWS\system32\ole32.dll
0x00007ffc5d8f0000 - 0x00007ffc5ed07000 	C:\WINDOWS\system32\SHELL32.dll
0x00007ffc5bd50000 - 0x00007ffc5bd6e000 	C:\WINDOWS\SYSTEM32\USERENV.dll
0x00007ffc5d280000 - 0x00007ffc5d325000 	C:\WINDOWS\system32\ADVAPI32.dll
0x00007ffc50400000 - 0x00007ffc5041b000 	C:\WINDOWS\SYSTEM32\MPR.dll
0x00007ffc5ed20000 - 0x00007ffc5ee56000 	C:\WINDOWS\system32\RPCRT4.dll
0x00007ffc5d390000 - 0x00007ffc5d3e7000 	C:\WINDOWS\SYSTEM32\sechost.dll
0x00007ffc5cf50000 - 0x00007ffc5d126000 	C:\WINDOWS\SYSTEM32\combase.dll
0x00007ffc5d130000 - 0x00007ffc5d275000 	C:\WINDOWS\system32\GDI32.dll
0x00007ffc5c740000 - 0x00007ffc5c754000 	C:\WINDOWS\SYSTEM32\profapi.dll
0x00007ffc5b040000 - 0x00007ffc5b0df000 	C:\WINDOWS\SYSTEM32\SHCORE.dll
0x00007ffc5f390000 - 0x00007ffc5f3c4000 	C:\WINDOWS\system32\IMM32.DLL
0x00007ffc5f140000 - 0x00007ffc5f279000 	C:\WINDOWS\system32\MSCTF.dll
0x00007ffc5ac10000 - 0x00007ffc5ae6a000 	C:\WINDOWS\WinSxS\amd64_microsoft.windows.common-controls_6595b64144ccf1df_6.0.9600.17031_none_6242a4b3ecbb55a1\COMCTL32.dll
0x0000000063050000 - 0x0000000063122000 	C:\Program Files\Java\jre7\bin\msvcr100.dll
0x0000000062880000 - 0x0000000063049000 	C:\Program Files\Java\jre7\bin\server\jvm.dll
0x00007ffc539c0000 - 0x00007ffc539c9000 	C:\WINDOWS\SYSTEM32\WSOCK32.dll
0x00007ffc54a10000 - 0x00007ffc54a2f000 	C:\WINDOWS\SYSTEM32\WINMM.dll
0x00007ffc5d4a0000 - 0x00007ffc5d4a7000 	C:\WINDOWS\system32\PSAPI.DLL
0x00007ffc5ef20000 - 0x00007ffc5ef78000 	C:\WINDOWS\system32\WS2_32.dll
0x00007ffc549e0000 - 0x00007ffc54a0a000 	C:\WINDOWS\SYSTEM32\WINMMBASE.dll
0x00007ffc5f380000 - 0x00007ffc5f389000 	C:\WINDOWS\system32\NSI.dll
0x00007ffc5ca40000 - 0x00007ffc5ca8a000 	C:\WINDOWS\SYSTEM32\cfgmgr32.dll
0x00007ffc5b5d0000 - 0x00007ffc5b5f6000 	C:\WINDOWS\SYSTEM32\DEVOBJ.dll
0x0000000062870000 - 0x000000006287f000 	C:\Program Files\Java\jre7\bin\verify.dll
0x0000000062840000 - 0x0000000062868000 	C:\Program Files\Java\jre7\bin\java.dll
0x0000000062820000 - 0x0000000062835000 	C:\Program Files\Java\jre7\bin\zip.dll
0x000000000c380000 - 0x000000000c3a6000 	C:\Users\Tiago\Documents\R\win-library\3.0\rJava\jri\x64\jri.dll
0x000000006c700000 - 0x000000006cabe000 	C:\Program Files\R\R-3.0.2\bin\x64\R.dll
0x0000000064e80000 - 0x0000000064eda000 	C:\Program Files\R\R-3.0.2\bin\x64\Rblas.dll
0x00000000641c0000 - 0x00000000641e5000 	C:\Program Files\R\R-3.0.2\bin\x64\Riconv.dll
0x0000000063540000 - 0x00000000635b0000 	C:\Program Files\R\R-3.0.2\bin\x64\Rgraphapp.dll
0x000000006f8c0000 - 0x000000006f8f2000 	C:\Program Files\R\R-3.0.2\bin\x64\Rzlib.dll
0x00007ffc5a2d0000 - 0x00007ffc5a2da000 	C:\WINDOWS\SYSTEM32\VERSION.dll
0x00007ffc5f2e0000 - 0x00007ffc5f37a000 	C:\WINDOWS\system32\comdlg32.dll
0x00007ffc55960000 - 0x00007ffc55967000 	C:\WINDOWS\SYSTEM32\MSIMG32.dll
0x00007ffc5b410000 - 0x00007ffc5b531000 	C:\WINDOWS\system32\uxtheme.dll
0x000000006e5c0000 - 0x000000006e5e6000 	C:\Program Files\R\R-3.0.2\library\utils\libs\x64\utils.dll
0x0000000064a40000 - 0x0000000064a53000 	C:\Program Files\R\R-3.0.2\library\methods\libs\x64\methods.dll
0x000000006fc80000 - 0x000000006fcd0000 	C:\Program Files\R\R-3.0.2\library\grDevices\libs\x64\grDevices.dll
0x0000000063740000 - 0x0000000063784000 	C:\Program Files\R\R-3.0.2\library\graphics\libs\x64\graphics.dll
0x0000000071100000 - 0x000000007119c000 	C:\Program Files\R\R-3.0.2\library\stats\libs\x64\stats.dll
0x000000000e880000 - 0x000000000eb09000 	C:\Program Files\R\R-3.0.2\bin\x64\Rlapack.dll
0x00007ffc58860000 - 0x00007ffc589e8000 	C:\WINDOWS\SYSTEM32\dbghelp.dll

VM Arguments:
jvm_args: -Dfile.encoding=Cp1252 
java_command: bayesian.network.learning.ConstructNetwork
Launcher Type: SUN_STANDARD

Environment Variables:
CLASSPATH=C:\jade\lib\jade.jar;C:\Program Files\SICStus Prolog VC10 4.2.3\bin\jasper.jar;C:\Program Files\swipl\lib\jpl.jar;
PATH=C:\Program Files (x86)\Common Files\Intel\Shared Files\cpp\bin\Intel64;C:\Program Files (x86)\Intel\iCLS Client\;C:\Program Files\Intel\iCLS Client\;C:\WINDOWS\system32;C:\WINDOWS;C:\WINDOWS\System32\Wbem;C:\WINDOWS\System32\WindowsPowerShell\v1.0\;C:\Program Files (x86)\Intel\OpenCL SDK\2.0\bin\x86;C:\Program Files (x86)\Intel\OpenCL SDK\2.0\bin\x64;C:\Program Files (x86)\ATI Technologies\ATI.ACE\Core-Static;C:\Program Files\Condusiv Technologies\ExpressCache\;C:\Program Files (x86)\Windows Live\Shared;C:\Program Files\Intel\WiFi\bin\;C:\Program Files\Common Files\Intel\WirelessCommon\;C:\Program Files\Intel\Intel(R) Management Engine Components\DAL;C:\Program Files\Intel\Intel(R) Management Engine Components\IPT;C:\Program Files (x86)\Intel\Intel(R) Management Engine Components\DAL;C:\Program Files (x86)\Intel\Intel(R) Management Engine Components\IPT;C:\Program Files (x86)\MiKTeX 2.9\miktex\bin\;C:\Program Files\TortoiseSVN\bin;C:\Program Files (x86)\MySQL\MySQL Utilities 1.3.5\;C:\Program Files\Java\jdk1.7.0_45\bin\;C:\Program Files (x86)\Git\cmd;C:\Program Files\SICStus Prolog VC10 4.2.3\bin;C:\Program Files\R\R-3.0.2\bin\x64;C:\Users\Tiago\Documents\R\win-library\3.0\rJava\jri\x64;
USERNAME=Tiago
OS=Windows_NT
PROCESSOR_IDENTIFIER=Intel64 Family 6 Model 58 Stepping 9, GenuineIntel



---------------  S Y S T E M  ---------------

OS: Windows 8 , 64 bit Build 9200 

CPU:total 4 (2 cores per cpu, 2 threads per core) family 6 model 58 stepping 9, cmov, cx8, fxsr, mmx, sse, sse2, sse3, ssse3, sse4.1, sse4.2, popcnt, avx, aes, erms, ht, tsc, tscinvbit, tscinv

Memory: 4k page, physical 8267432k(4787284k free), swap 16656044k(10352368k free)

vm_info: Java HotSpot(TM) 64-Bit Server VM (24.45-b08) for windows-amd64 JRE (1.7.0_45-b18), built on Oct  8 2013 05:47:22 by "java_re" with unknown MS VC++:1600

time: Tue May 06 11:59:23 2014
elapsed time: 0 seconds

