#
# A fatal error has been detected by the Java Runtime Environment:
#
#  EXCEPTION_ACCESS_VIOLATION (0xc0000005) at pc=0x00007ffb1c3d7f93, pid=12104, tid=13560
#
# JRE version: Java(TM) SE Runtime Environment (7.0_45-b18) (build 1.7.0_45-b18)
# Java VM: Java HotSpot(TM) 64-Bit Server VM (24.45-b08 mixed mode windows-amd64 compressed oops)
# Problematic frame:
# C  [ntdll.dll+0xb7f93]
#
# Failed to write core dump. Minidumps are not enabled by default on client versions of Windows
#
# If you would like to submit a bug report, please visit:
#   http://bugreport.sun.com/bugreport/crash.jsp
# The crash happened outside the Java Virtual Machine in native code.
# See problematic frame for where to report the bug.
#

---------------  T H R E A D  ---------------

Current thread (0x00000000022c0800):  JavaThread "main" [_thread_in_native, id=13560, stack(0x00000000020d0000,0x00000000021d0000)]

siginfo: ExceptionCode=0xc0000005, reading address 0x00000000021d1000

Registers:
RAX=0x0000000000000000, RBX=0x0000000000000000, RCX=0x00000000021d1000, RDX=0x0000000000000011
RSP=0x00000000021be5b0, RBP=0x00000000021be6b0, RSI=0x00000000021cfa50, RDI=0x00000000021becf0
R8 =0x0000000000000000, R9 =0x000000000c50e070, R10=0x0000000000000000, R11=0x00000000021be500
R12=0x00000000021becc0, R13=0x00000000021be770, R14=0x0000000000000000, R15=0x0000000000000000
RIP=0x00007ffb1c3d7f93, EFLAGS=0x0000000000010246

Top of Stack: (sp=0x00000000021be5b0)
0x00000000021be5b0:   0000000000000000 00000000021cfa50
0x00000000021be5c0:   0000000000000000 0000000000000000
0x00000000021be5d0:   0000000000000000 0000000000000000
0x00000000021be5e0:   0000000000000000 0000000000000000
0x00000000021be5f0:   0000000000000002 00000000021cfa50
0x00000000021be600:   0000000000000000 000000005f252b30
0x00000000021be610:   0000000000000000 0000000000000000
0x00000000021be620:   00007ffb1c320000 00000000021be770
0x00000000021be630:   00000000021cfa50 0000000000000000
0x00000000021be640:   000000000c50e070 00000000021becc0
0x00000000021be650:   00000000021d0000 0000000000000001
0x00000000021be660:   00000000021b6000 000000006c74d5be
0x00000000021be670:   00000000021becf0 0000000000000000
0x00000000021be680:   000000005ecd75a5 000000005ebb0000
0x00000000021be690:   000000005f317eb4 00000000021cf700
0x00000000021be6a0:   000000006c74d5be 00000000021becf0 

Instructions: (pc=0x00007ffb1c3d7f93)
0x00007ffb1c3d7f73:   c9 49 8b 00 48 89 84 cf a0 01 00 00 49 8b 40 08
0x00007ffb1c3d7f83:   e9 23 30 f9 ff 49 8b 8d 98 00 00 00 4c 8b 4d 90
0x00007ffb1c3d7f93:   48 8b 01 49 89 85 f8 00 00 00 48 8d 41 08 49 89
0x00007ffb1c3d7fa3:   85 98 00 00 00 e9 30 2e f9 ff 49 3b f1 0f 84 48 


Register to memory mapping:

RAX=0x0000000000000000 is an unknown value
RBX=0x0000000000000000 is an unknown value
RCX=0x00000000021d1000 is an unknown value
RDX=0x0000000000000011 is an unknown value
RSP=0x00000000021be5b0 is pointing into the stack for thread: 0x00000000022c0800
RBP=0x00000000021be6b0 is pointing into the stack for thread: 0x00000000022c0800
RSI=0x00000000021cfa50 is pointing into the stack for thread: 0x00000000022c0800
RDI=0x00000000021becf0 is pointing into the stack for thread: 0x00000000022c0800
R8 =0x0000000000000000 is an unknown value
R9 =0x000000000c50e070 is pointing into the stack for thread: 0x000000000a6ef000
R10=0x0000000000000000 is an unknown value
R11=0x00000000021be500 is pointing into the stack for thread: 0x00000000022c0800
R12=0x00000000021becc0 is pointing into the stack for thread: 0x00000000022c0800
R13=0x00000000021be770 is pointing into the stack for thread: 0x00000000022c0800
R14=0x0000000000000000 is an unknown value
R15=0x0000000000000000 is an unknown value


Stack: [0x00000000020d0000,0x00000000021d0000],  sp=0x00000000021be5b0,  free space=953k
Native frames: (J=compiled Java code, j=interpreted, Vv=VM code, C=native code)
C  [ntdll.dll+0xb7f93]

Java frames: (J=compiled Java code, j=interpreted, Vv=VM code)
j  org.rosuda.JRI.Rengine.rniParse(Ljava/lang/String;I)J+0
j  org.rosuda.JRI.Rengine.eval(Ljava/lang/String;Z)Lorg/rosuda/JRI/REXP;+53
j  org.rosuda.JRI.Rengine.eval(Ljava/lang/String;)Lorg/rosuda/JRI/REXP;+3
j  bayesian.network.learning.ConstructNetwork.main([Ljava/lang/String;)V+14
v  ~StubRoutines::call_stub

---------------  P R O C E S S  ---------------

Java Threads: ( => current thread )
  0x000000000a6ef000 JavaThread "Thread-0" [_thread_blocked, id=2116, stack(0x000000000c410000,0x000000000c510000)]
  0x000000000a6c1800 JavaThread "Service Thread" daemon [_thread_blocked, id=10428, stack(0x000000000be10000,0x000000000bf10000)]
  0x000000000a6ac800 JavaThread "C2 CompilerThread1" daemon [_thread_blocked, id=1784, stack(0x000000000bd10000,0x000000000be10000)]
  0x000000000a6a5800 JavaThread "C2 CompilerThread0" daemon [_thread_blocked, id=11216, stack(0x000000000bc10000,0x000000000bd10000)]
  0x000000000a6a2800 JavaThread "Attach Listener" daemon [_thread_blocked, id=6604, stack(0x000000000bb10000,0x000000000bc10000)]
  0x000000000a69f000 JavaThread "Signal Dispatcher" daemon [_thread_blocked, id=10244, stack(0x000000000ba10000,0x000000000bb10000)]
  0x000000000a66b800 JavaThread "Finalizer" daemon [_thread_blocked, id=13764, stack(0x000000000b910000,0x000000000ba10000)]
  0x000000000a661000 JavaThread "Reference Handler" daemon [_thread_blocked, id=8668, stack(0x000000000b810000,0x000000000b910000)]
=>0x00000000022c0800 JavaThread "main" [_thread_in_native, id=13560, stack(0x00000000020d0000,0x00000000021d0000)]

Other Threads:
  0x000000000a65f800 VMThread [stack: 0x000000000b710000,0x000000000b810000] [id=10780]
  0x000000000a6ca000 WatcherThread [stack: 0x000000000bf10000,0x000000000c010000] [id=5688]

VM state:not at safepoint (normal execution)

VM Mutex/Monitor currently owned by a thread: None

Heap
 PSYoungGen      total 38400K, used 1331K [0x00000007d5e80000, 0x00000007d8900000, 0x0000000800000000)
  eden space 33280K, 4% used [0x00000007d5e80000,0x00000007d5fccd48,0x00000007d7f00000)
  from space 5120K, 0% used [0x00000007d8400000,0x00000007d8400000,0x00000007d8900000)
  to   space 5120K, 0% used [0x00000007d7f00000,0x00000007d7f00000,0x00000007d8400000)
 ParOldGen       total 86016K, used 0K [0x0000000781c00000, 0x0000000787000000, 0x00000007d5e80000)
  object space 86016K, 0% used [0x0000000781c00000,0x0000000781c00000,0x0000000787000000)
 PSPermGen       total 21504K, used 2641K [0x000000077ca00000, 0x000000077df00000, 0x0000000781c00000)
  object space 21504K, 12% used [0x000000077ca00000,0x000000077cc94760,0x000000077df00000)

Card table byte_map: [0x0000000005480000,0x00000000058a0000] byte_map_base: 0x000000000189b000

Polling page: 0x0000000000950000

Code Cache  [0x00000000023c0000, 0x0000000002630000, 0x00000000053c0000)
 total_blobs=187 nmethods=2 adapters=138 free_code_cache=48766Kb largest_free_block=49919808

Compilation events (2 events):
Event: 0.267 Thread 0x000000000a6a5800    2 %           org.rosuda.JRI.Rengine::<init> @ 74 (95 bytes)
Event: 0.272 Thread 0x000000000a6a5800 nmethod 2% 0x0000000002421510 code [0x0000000002421660, 0x0000000002421728]

GC Heap History (0 events):
No events

Deoptimization events (0 events):
No events

Internal exceptions (5 events):
Event: 0.030 Thread 0x00000000022c0800 Threw 0x00000007d5e8ba48 at C:\re\jdk7u45\229\hotspot\src\share\vm\prims\jni.cpp:3991
Event: 0.070 Thread 0x00000000022c0800 Threw 0x00000007d5ece410 at C:\re\jdk7u45\229\hotspot\src\share\vm\prims\jvm.cpp:1244
Event: 0.076 Thread 0x00000000022c0800 Threw 0x00000007d5ed5280 at C:\re\jdk7u45\229\hotspot\src\share\vm\prims\jvm.cpp:1244
Event: 0.262 Thread 0x00000000022c0800 Threw 0x00000007d5ef2978 at C:\re\jdk7u45\229\hotspot\src\share\vm\prims\jvm.cpp:1244
Event: 0.267 Thread 0x00000000022c0800 Threw 0x00000007d5ef8180 at C:\re\jdk7u45\229\hotspot\src\share\vm\prims\jvm.cpp:1244

Events (10 events):
Event: 0.123 loading class 0x0000000002306870 done
Event: 0.124 loading class 0x0000000002306de0
Event: 0.124 loading class 0x0000000002306de0 done
Event: 0.124 loading class 0x0000000002312360
Event: 0.124 loading class 0x0000000002312360 done
Event: 0.262 loading class 0x000000000a6ff770
Event: 0.262 loading class 0x000000000a6ff770 done
Event: 0.263 Thread 0x000000000a6ef000 Thread added: 0x000000000a6ef000
Event: 0.267 loading class 0x000000000a6cab40
Event: 0.267 loading class 0x000000000a6cab40 done


Dynamic libraries:
0x00007ff7d3730000 - 0x00007ff7d3763000 	C:\Program Files\Java\jre7\bin\javaw.exe
0x00007ffb1c320000 - 0x00007ffb1c4ca000 	C:\WINDOWS\SYSTEM32\ntdll.dll
0x00007ffb1a040000 - 0x00007ffb1a17a000 	C:\WINDOWS\system32\KERNEL32.DLL
0x00007ffb19990000 - 0x00007ffb19a9f000 	C:\WINDOWS\system32\KERNELBASE.dll
0x00007ffb182c0000 - 0x00007ffb18348000 	C:\WINDOWS\system32\apphelp.dll
0x00007ffb0e500000 - 0x00007ffb0e54f000 	C:\WINDOWS\AppPatch\AppPatch64\AcGenral.DLL
0x00007ffb1bf50000 - 0x00007ffb1bff7000 	C:\WINDOWS\system32\msvcrt.dll
0x00007ffb194d0000 - 0x00007ffb194fb000 	C:\WINDOWS\SYSTEM32\SspiCli.dll
0x00007ffb1b970000 - 0x00007ffb1b9c1000 	C:\WINDOWS\system32\SHLWAPI.dll
0x00007ffb1a3d0000 - 0x00007ffb1a541000 	C:\WINDOWS\system32\USER32.dll
0x00007ffb1c1a0000 - 0x00007ffb1c318000 	C:\WINDOWS\system32\ole32.dll
0x00007ffb1a550000 - 0x00007ffb1b967000 	C:\WINDOWS\system32\SHELL32.dll
0x00007ffb18ca0000 - 0x00007ffb18cbe000 	C:\WINDOWS\SYSTEM32\USERENV.dll
0x00007ffb19f90000 - 0x00007ffb1a035000 	C:\WINDOWS\system32\ADVAPI32.dll
0x00007ffb0dbd0000 - 0x00007ffb0dbeb000 	C:\WINDOWS\SYSTEM32\MPR.dll
0x00007ffb1be10000 - 0x00007ffb1bf46000 	C:\WINDOWS\system32\RPCRT4.dll
0x00007ffb1bcd0000 - 0x00007ffb1bd27000 	C:\WINDOWS\SYSTEM32\sechost.dll
0x00007ffb19d40000 - 0x00007ffb19f16000 	C:\WINDOWS\SYSTEM32\combase.dll
0x00007ffb1a280000 - 0x00007ffb1a3c5000 	C:\WINDOWS\system32\GDI32.dll
0x00007ffb19690000 - 0x00007ffb196a4000 	C:\WINDOWS\SYSTEM32\profapi.dll
0x00007ffb17f90000 - 0x00007ffb1802f000 	C:\WINDOWS\SYSTEM32\SHCORE.dll
0x00007ffb1c140000 - 0x00007ffb1c174000 	C:\WINDOWS\system32\IMM32.DLL
0x00007ffb1c000000 - 0x00007ffb1c139000 	C:\WINDOWS\system32\MSCTF.dll
0x00007ffb13630000 - 0x00007ffb1388a000 	C:\WINDOWS\WinSxS\amd64_microsoft.windows.common-controls_6595b64144ccf1df_6.0.9600.17031_none_6242a4b3ecbb55a1\COMCTL32.dll
0x000000005f380000 - 0x000000005f452000 	C:\Program Files\Java\jre7\bin\msvcr100.dll
0x000000005ebb0000 - 0x000000005f379000 	C:\Program Files\Java\jre7\bin\server\jvm.dll
0x00007ffb10700000 - 0x00007ffb10709000 	C:\WINDOWS\SYSTEM32\WSOCK32.dll
0x00007ffb11850000 - 0x00007ffb1186f000 	C:\WINDOWS\SYSTEM32\WINMM.dll
0x00007ffb19f80000 - 0x00007ffb19f87000 	C:\WINDOWS\system32\PSAPI.DLL
0x00007ffb1bc70000 - 0x00007ffb1bcc8000 	C:\WINDOWS\system32\WS2_32.dll
0x00007ffb11820000 - 0x00007ffb1184a000 	C:\WINDOWS\SYSTEM32\WINMMBASE.dll
0x00007ffb1c180000 - 0x00007ffb1c189000 	C:\WINDOWS\system32\NSI.dll
0x00007ffb19760000 - 0x00007ffb197aa000 	C:\WINDOWS\SYSTEM32\cfgmgr32.dll
0x00007ffb18510000 - 0x00007ffb18536000 	C:\WINDOWS\SYSTEM32\DEVOBJ.dll
0x000000005eba0000 - 0x000000005ebaf000 	C:\Program Files\Java\jre7\bin\verify.dll
0x000000005eb70000 - 0x000000005eb98000 	C:\Program Files\Java\jre7\bin\java.dll
0x000000005eb50000 - 0x000000005eb65000 	C:\Program Files\Java\jre7\bin\zip.dll
0x0000000062d80000 - 0x0000000062da6000 	C:\Users\Tiago\Documents\R\win-library\3.0\rJava\jri\x64\jri.dll
0x000000006c700000 - 0x000000006cabe000 	C:\Program Files\R\R-3.0.2\bin\x64\R.dll
0x0000000064e80000 - 0x0000000064eda000 	C:\Program Files\R\R-3.0.2\bin\x64\Rblas.dll
0x00000000641c0000 - 0x00000000641e5000 	C:\Program Files\R\R-3.0.2\bin\x64\Riconv.dll
0x0000000063540000 - 0x00000000635b0000 	C:\Program Files\R\R-3.0.2\bin\x64\Rgraphapp.dll
0x000000006f8c0000 - 0x000000006f8f2000 	C:\Program Files\R\R-3.0.2\bin\x64\Rzlib.dll
0x00007ffb17570000 - 0x00007ffb1757a000 	C:\WINDOWS\SYSTEM32\VERSION.dll
0x00007ffb1a180000 - 0x00007ffb1a21a000 	C:\WINDOWS\system32\comdlg32.dll
0x00007ffb13890000 - 0x00007ffb13897000 	C:\WINDOWS\SYSTEM32\MSIMG32.dll
0x00007ffb183e0000 - 0x00007ffb18501000 	C:\WINDOWS\system32\uxtheme.dll
0x00007ffb05650000 - 0x00007ffb056e8000 	C:\Program Files\Common Files\microsoft shared\ink\tiptsf.dll
0x00007ffb1bd50000 - 0x00007ffb1be07000 	C:\WINDOWS\system32\OLEAUT32.dll
0x000000006e5c0000 - 0x000000006e5e6000 	C:\Program Files\R\R-3.0.2\library\utils\libs\x64\utils.dll
0x0000000064a40000 - 0x0000000064a53000 	C:\Program Files\R\R-3.0.2\library\methods\libs\x64\methods.dll
0x000000006fc80000 - 0x000000006fcd0000 	C:\Program Files\R\R-3.0.2\library\grDevices\libs\x64\grDevices.dll
0x0000000063740000 - 0x0000000063784000 	C:\Program Files\R\R-3.0.2\library\graphics\libs\x64\graphics.dll
0x0000000071100000 - 0x000000007119c000 	C:\Program Files\R\R-3.0.2\library\stats\libs\x64\stats.dll
0x000000000e4d0000 - 0x000000000e759000 	C:\Program Files\R\R-3.0.2\bin\x64\Rlapack.dll
0x00007ffb0f5d0000 - 0x00007ffb0f758000 	C:\WINDOWS\SYSTEM32\dbghelp.dll

VM Arguments:
jvm_args: -Dfile.encoding=Cp1252 
java_command: bayesian.network.learning.ConstructNetwork
Launcher Type: SUN_STANDARD

Environment Variables:
CLASSPATH=C:\jade\lib\jade.jar;C:\Program Files\SICStus Prolog VC10 4.2.3\bin\jasper.jar;C:\Program Files\swipl\lib\jpl.jar;
PATH=C:\Program Files (x86)\Common Files\Intel\Shared Files\cpp\bin\Intel64;C:\Program Files (x86)\Intel\iCLS Client\;C:\Program Files\Intel\iCLS Client\;C:\WINDOWS\system32;C:\WINDOWS;C:\WINDOWS\System32\Wbem;C:\WINDOWS\System32\WindowsPowerShell\v1.0\;C:\Program Files (x86)\Intel\OpenCL SDK\2.0\bin\x86;C:\Program Files (x86)\Intel\OpenCL SDK\2.0\bin\x64;C:\Program Files (x86)\ATI Technologies\ATI.ACE\Core-Static;C:\Program Files\Condusiv Technologies\ExpressCache\;C:\Program Files (x86)\Windows Live\Shared;C:\Program Files\Intel\WiFi\bin\;C:\Program Files\Common Files\Intel\WirelessCommon\;C:\Program Files\Intel\Intel(R) Management Engine Components\DAL;C:\Program Files\Intel\Intel(R) Management Engine Components\IPT;C:\Program Files (x86)\Intel\Intel(R) Management Engine Components\DAL;C:\Program Files (x86)\Intel\Intel(R) Management Engine Components\IPT;C:\Program Files (x86)\MiKTeX 2.9\miktex\bin\;C:\Program Files\TortoiseSVN\bin;C:\Program Files (x86)\MySQL\MySQL Utilities 1.3.5\;C:\Program Files\Java\jdk1.7.0_45\bin\;C:\Program Files (x86)\Git\cmd;C:\Program Files\SICStus Prolog VC10 4.2.3\bin;C:\Program Files\swipl\bin;C:\Users\Tiago\Documents\R\win-library\3.0\rJava\jri\x64;C:\Program Files\R\R-3.0.2\bin\x64;
USERNAME=Tiago
OS=Windows_NT
PROCESSOR_IDENTIFIER=Intel64 Family 6 Model 58 Stepping 9, GenuineIntel



---------------  S Y S T E M  ---------------

OS: Windows 8 , 64 bit Build 9200 

CPU:total 4 (2 cores per cpu, 2 threads per core) family 6 model 58 stepping 9, cmov, cx8, fxsr, mmx, sse, sse2, sse3, ssse3, sse4.1, sse4.2, popcnt, avx, aes, erms, ht, tsc, tscinvbit, tscinv

Memory: 4k page, physical 8267432k(3029948k free), swap 16656044k(7257704k free)

vm_info: Java HotSpot(TM) 64-Bit Server VM (24.45-b08) for windows-amd64 JRE (1.7.0_45-b18), built on Oct  8 2013 05:47:22 by "java_re" with unknown MS VC++:1600

time: Mon May 05 17:45:47 2014
elapsed time: 1 seconds

